2014-09-04 18:56:08,735 [Worker-2] INFO  o.e.m.c.i.e.AbstractTransferListenerAdapter - Downloading http://10.0.4.3:8081/nexus/content/groups/public/org/apache/maven/plugins/maven-clean-plugin/2.5/maven-clean-plugin-2.5.jar
2014-09-04 18:56:10,897 [Worker-2] INFO  o.e.m.c.i.e.AbstractTransferListenerAdapter - Downloaded http://10.0.4.3:8081/nexus/content/groups/public/org/apache/maven/plugins/maven-clean-plugin/2.5/maven-clean-plugin-2.5.jar
2014-09-04 18:56:11,620 [Worker-2] INFO  o.e.m.c.i.e.AbstractTransferListenerAdapter - Downloading http://10.0.4.3:8081/nexus/content/groups/public/org/apache/maven/plugins/maven-surefire-plugin/2.12.4/maven-surefire-plugin-2.12.4.jar
2014-09-04 18:56:12,823 [Worker-2] INFO  o.e.m.c.i.e.AbstractTransferListenerAdapter - Downloaded http://10.0.4.3:8081/nexus/content/groups/public/org/apache/maven/plugins/maven-surefire-plugin/2.12.4/maven-surefire-plugin-2.12.4.jar
2014-09-04 18:56:13,372 [Worker-2] INFO  o.e.m.c.i.e.AbstractTransferListenerAdapter - Downloading http://10.0.4.3:8081/nexus/content/groups/public/org/apache/maven/plugins/maven-install-plugin/2.4/maven-install-plugin-2.4.jar
2014-09-04 18:56:14,350 [Worker-2] INFO  o.e.m.c.i.e.AbstractTransferListenerAdapter - Downloaded http://10.0.4.3:8081/nexus/content/groups/public/org/apache/maven/plugins/maven-install-plugin/2.4/maven-install-plugin-2.4.jar
2014-09-04 18:56:14,853 [Worker-2] INFO  o.e.m.c.i.l.LifecycleMappingFactory - Using org.eclipse.m2e.jdt.JarLifecycleMapping lifecycle mapping for MavenProject: 0.2-hivemq-plugin:0.2-hivemq-plugin:0.0.1-SNAPSHOT @ /Users/cgoetz/Development/iotcloud_workspace/0.2-hivemq-plugin/pom.xml.
2014-09-04 18:56:15,014 [Worker-2] INFO  o.e.m.j.i.AbstractJavaProjectConfigurator - Adding source folder /0.2-hivemq-plugin/src
2014-09-04 18:56:15,014 [Worker-2] INFO  o.e.m.j.i.AbstractJavaProjectConfigurator - Not adding source folder /0.2-hivemq-plugin/src/test/java because it overlaps with /0.2-hivemq-plugin/src
2014-09-04 18:56:15,087 [Worker-2] INFO  o.e.m.c.i.p.ProjectConfigurationManager - Update started
2014-09-04 18:56:15,107 [Worker-2] INFO  o.e.m.c.i.l.LifecycleMappingFactory - Using org.eclipse.m2e.jdt.JarLifecycleMapping lifecycle mapping for MavenProject: 0.2-hivemq-plugin:0.2-hivemq-plugin:0.0.1-SNAPSHOT @ /Users/cgoetz/Development/iotcloud_workspace/0.2-hivemq-plugin/pom.xml.
2014-09-04 18:56:15,175 [Worker-2] INFO  o.e.m.j.i.AbstractJavaProjectConfigurator - Adding source folder /0.2-hivemq-plugin/src
2014-09-04 18:56:15,175 [Worker-2] INFO  o.e.m.j.i.AbstractJavaProjectConfigurator - Not adding source folder /0.2-hivemq-plugin/src/test/java because it overlaps with /0.2-hivemq-plugin/src
2014-09-04 18:56:15,232 [Worker-2] INFO  o.e.m.c.i.p.ProjectConfigurationManager - Update completed: 0 sec
2014-09-04 18:56:15,365 [Worker-0] WARN  o.e.m.c.i.embedder.EclipseLogger - Using platform encoding (UTF-8 actually) to copy filtered resources, i.e. build is platform dependent!
2014-09-04 18:56:15,366 [Worker-0] INFO  o.e.m.c.i.embedder.EclipseLogger - skip non existing resourceDirectory /Users/cgoetz/Development/iotcloud_workspace/0.2-hivemq-plugin/src/main/resources
2014-09-04 18:56:15,368 [Worker-0] WARN  o.e.m.c.i.embedder.EclipseLogger - Using platform encoding (UTF-8 actually) to copy filtered resources, i.e. build is platform dependent!
2014-09-04 18:56:15,368 [Worker-0] INFO  o.e.m.c.i.embedder.EclipseLogger - skip non existing resourceDirectory /Users/cgoetz/Development/iotcloud_workspace/0.2-hivemq-plugin/src/test/resources
2014-09-04 18:56:19,133 [Worker-3] WARN  o.e.m.c.i.embedder.EclipseLogger - Using platform encoding (UTF-8 actually) to copy filtered resources, i.e. build is platform dependent!
2014-09-04 18:56:19,137 [Worker-3] INFO  o.e.m.c.i.embedder.EclipseLogger - Copying 2 resources
2014-09-04 18:56:19,144 [Worker-3] WARN  o.e.m.c.i.embedder.EclipseLogger - Using platform encoding (UTF-8 actually) to copy filtered resources, i.e. build is platform dependent!
2014-09-04 18:56:19,144 [Worker-3] INFO  o.e.m.c.i.embedder.EclipseLogger - skip non existing resourceDirectory /Users/cgoetz/Development/iotcloud_workspace/0.2-hivemq-plugin/src/test/resources
2014-09-04 18:56:39,167 [Worker-5] INFO  o.e.m.c.i.l.LifecycleMappingFactory - Using org.eclipse.m2e.jdt.JarLifecycleMapping lifecycle mapping for MavenProject: 0.2-hivemq-plugin:0.2-hivemq-plugin:0.0.1-SNAPSHOT @ /Users/cgoetz/Development/iotcloud_workspace/0.2-hivemq-plugin/pom.xml.
2014-09-04 18:56:39,194 [Worker-5] WARN  o.e.m.c.i.embedder.EclipseLogger - Using platform encoding (UTF-8 actually) to copy filtered resources, i.e. build is platform dependent!
2014-09-04 18:56:39,194 [Worker-5] INFO  o.e.m.c.i.embedder.EclipseLogger - Copying 0 resource
2014-09-04 18:56:39,196 [Worker-5] WARN  o.e.m.c.i.embedder.EclipseLogger - Using platform encoding (UTF-8 actually) to copy filtered resources, i.e. build is platform dependent!
2014-09-04 18:56:39,196 [Worker-5] INFO  o.e.m.c.i.embedder.EclipseLogger - skip non existing resourceDirectory /Users/cgoetz/Development/iotcloud_workspace/0.2-hivemq-plugin/src/test/resources
2014-09-04 18:57:16,530 [ModalContext] INFO  o.e.m.c.i.e.AbstractTransferListenerAdapter - Downloading http://10.0.4.3:8081/nexus/content/groups/public/org/apache/maven/archetypes/maven-archetype-quickstart/maven-metadata.xml
2014-09-04 18:57:16,955 [ModalContext] INFO  o.e.m.c.i.e.AbstractTransferListenerAdapter - Downloaded http://10.0.4.3:8081/nexus/content/groups/public/org/apache/maven/archetypes/maven-archetype-quickstart/maven-metadata.xml
2014-09-04 18:57:17,674 [ModalContext] INFO  o.e.m.c.i.e.AbstractTransferListenerAdapter - Downloading http://10.0.4.3:8081/nexus/content/groups/public/org/apache/maven/archetypes/maven-archetype-quickstart/1.1/maven-archetype-quickstart-1.1.jar
2014-09-04 18:57:19,117 [ModalContext] INFO  o.e.m.c.i.e.AbstractTransferListenerAdapter - Downloaded http://10.0.4.3:8081/nexus/content/groups/public/org/apache/maven/archetypes/maven-archetype-quickstart/1.1/maven-archetype-quickstart-1.1.jar
2014-09-04 18:57:34,282 [Worker-4] INFO  o.e.m.c.i.e.AbstractTransferListenerAdapter - Downloading http://10.0.4.3:8081/nexus/content/groups/public/org/apache/maven/plugins/maven-compiler-plugin/2.5.1/maven-compiler-plugin-2.5.1.jar
2014-09-04 18:57:35,208 [Worker-4] INFO  o.e.m.c.i.e.AbstractTransferListenerAdapter - Downloaded http://10.0.4.3:8081/nexus/content/groups/public/org/apache/maven/plugins/maven-compiler-plugin/2.5.1/maven-compiler-plugin-2.5.1.jar
2014-09-04 18:57:35,648 [Worker-4] INFO  o.e.m.c.i.e.AbstractTransferListenerAdapter - Downloading http://10.0.4.3:8081/nexus/content/groups/public/org/apache/maven/plugins/maven-compiler-plugin/2.5.1/maven-compiler-plugin-2.5.1.pom
2014-09-04 18:57:36,524 [Worker-4] INFO  o.e.m.c.i.e.AbstractTransferListenerAdapter - Downloaded http://10.0.4.3:8081/nexus/content/groups/public/org/apache/maven/plugins/maven-compiler-plugin/2.5.1/maven-compiler-plugin-2.5.1.pom
2014-09-04 18:57:37,127 [Worker-4] INFO  o.e.m.c.i.e.AbstractTransferListenerAdapter - Downloading http://10.0.4.3:8081/nexus/content/groups/public/org/codehaus/plexus/plexus-compiler-api/1.9.1/plexus-compiler-api-1.9.1.pom
2014-09-04 18:57:38,058 [Worker-4] INFO  o.e.m.c.i.e.AbstractTransferListenerAdapter - Downloaded http://10.0.4.3:8081/nexus/content/groups/public/org/codehaus/plexus/plexus-compiler-api/1.9.1/plexus-compiler-api-1.9.1.pom
2014-09-04 18:57:38,490 [Worker-4] INFO  o.e.m.c.i.e.AbstractTransferListenerAdapter - Downloading http://10.0.4.3:8081/nexus/content/groups/public/org/codehaus/plexus/plexus-compiler/1.9.1/plexus-compiler-1.9.1.pom
2014-09-04 18:57:39,356 [Worker-4] INFO  o.e.m.c.i.e.AbstractTransferListenerAdapter - Downloaded http://10.0.4.3:8081/nexus/content/groups/public/org/codehaus/plexus/plexus-compiler/1.9.1/plexus-compiler-1.9.1.pom
2014-09-04 18:57:39,785 [Worker-4] INFO  o.e.m.c.i.e.AbstractTransferListenerAdapter - Downloading http://10.0.4.3:8081/nexus/content/groups/public/org/codehaus/plexus/plexus-compiler-manager/1.9.1/plexus-compiler-manager-1.9.1.pom
2014-09-04 18:57:40,650 [Worker-4] INFO  o.e.m.c.i.e.AbstractTransferListenerAdapter - Downloaded http://10.0.4.3:8081/nexus/content/groups/public/org/codehaus/plexus/plexus-compiler-manager/1.9.1/plexus-compiler-manager-1.9.1.pom
2014-09-04 18:57:41,061 [Worker-4] INFO  o.e.m.c.i.e.AbstractTransferListenerAdapter - Downloading http://10.0.4.3:8081/nexus/content/groups/public/org/codehaus/plexus/plexus-compiler-javac/1.9.1/plexus-compiler-javac-1.9.1.pom
2014-09-04 18:57:41,898 [Worker-4] INFO  o.e.m.c.i.e.AbstractTransferListenerAdapter - Downloaded http://10.0.4.3:8081/nexus/content/groups/public/org/codehaus/plexus/plexus-compiler-javac/1.9.1/plexus-compiler-javac-1.9.1.pom
2014-09-04 18:57:42,365 [Worker-4] INFO  o.e.m.c.i.e.AbstractTransferListenerAdapter - Downloading http://10.0.4.3:8081/nexus/content/groups/public/org/codehaus/plexus/plexus-compilers/1.9.1/plexus-compilers-1.9.1.pom
2014-09-04 18:57:43,210 [Worker-4] INFO  o.e.m.c.i.e.AbstractTransferListenerAdapter - Downloaded http://10.0.4.3:8081/nexus/content/groups/public/org/codehaus/plexus/plexus-compilers/1.9.1/plexus-compilers-1.9.1.pom
2014-09-04 18:57:43,643 [Worker-4] INFO  o.e.m.c.i.e.AbstractTransferListenerAdapter - Downloading http://10.0.4.3:8081/nexus/content/groups/public/org/codehaus/plexus/plexus-compiler-api/1.9.1/plexus-compiler-api-1.9.1.jar
2014-09-04 18:57:44,564 [Worker-4] INFO  o.e.m.c.i.e.AbstractTransferListenerAdapter - Downloaded http://10.0.4.3:8081/nexus/content/groups/public/org/codehaus/plexus/plexus-compiler-api/1.9.1/plexus-compiler-api-1.9.1.jar
2014-09-04 18:57:45,079 [Worker-4] INFO  o.e.m.c.i.e.AbstractTransferListenerAdapter - Downloading http://10.0.4.3:8081/nexus/content/groups/public/org/codehaus/plexus/plexus-compiler-manager/1.9.1/plexus-compiler-manager-1.9.1.jar
2014-09-04 18:57:45,980 [Worker-4] INFO  o.e.m.c.i.e.AbstractTransferListenerAdapter - Downloaded http://10.0.4.3:8081/nexus/content/groups/public/org/codehaus/plexus/plexus-compiler-manager/1.9.1/plexus-compiler-manager-1.9.1.jar
2014-09-04 18:57:46,411 [Worker-4] INFO  o.e.m.c.i.e.AbstractTransferListenerAdapter - Downloading http://10.0.4.3:8081/nexus/content/groups/public/org/codehaus/plexus/plexus-compiler-javac/1.9.1/plexus-compiler-javac-1.9.1.jar
2014-09-04 18:57:47,294 [Worker-4] INFO  o.e.m.c.i.e.AbstractTransferListenerAdapter - Downloaded http://10.0.4.3:8081/nexus/content/groups/public/org/codehaus/plexus/plexus-compiler-javac/1.9.1/plexus-compiler-javac-1.9.1.jar
2014-09-04 18:57:47,354 [Worker-4] INFO  o.e.m.c.i.l.LifecycleMappingFactory - Using org.eclipse.m2e.jdt.JarLifecycleMapping lifecycle mapping for MavenProject: 0.2-hivemqplugin:0.2-hivemqplugin:0.0.1-SNAPSHOT @ /Users/cgoetz/Development/iotcloud_workspace/0.2-hivemqplugin/pom.xml.
2014-09-04 18:57:47,373 [Worker-4] INFO  o.e.m.j.i.AbstractJavaProjectConfigurator - Adding source folder /0.2-hivemqplugin/src/main/java
2014-09-04 18:57:47,374 [Worker-4] INFO  o.e.m.j.i.AbstractJavaProjectConfigurator - Adding resource folder /0.2-hivemqplugin/src/main/resources
2014-09-04 18:57:47,374 [Worker-4] INFO  o.e.m.j.i.AbstractJavaProjectConfigurator - Adding source folder /0.2-hivemqplugin/src/test/java
2014-09-04 18:57:47,374 [Worker-4] INFO  o.e.m.j.i.AbstractJavaProjectConfigurator - Adding resource folder /0.2-hivemqplugin/src/test/resources
2014-09-04 18:57:47,446 [Worker-3] INFO  o.e.m.c.i.l.LifecycleMappingFactory - Using org.eclipse.m2e.jdt.JarLifecycleMapping lifecycle mapping for MavenProject: 0.2-hivemqplugin:0.2-hivemqplugin:0.0.1-SNAPSHOT @ /Users/cgoetz/Development/iotcloud_workspace/0.2-hivemqplugin/pom.xml.
2014-09-04 18:57:47,609 [Worker-0] WARN  o.e.m.c.i.embedder.EclipseLogger - Using platform encoding (UTF-8 actually) to copy filtered resources, i.e. build is platform dependent!
2014-09-04 18:57:47,610 [Worker-0] INFO  o.e.m.c.i.embedder.EclipseLogger - Copying 0 resource
2014-09-04 18:57:47,611 [Worker-0] WARN  o.e.m.c.i.embedder.EclipseLogger - Using platform encoding (UTF-8 actually) to copy filtered resources, i.e. build is platform dependent!
2014-09-04 18:57:47,611 [Worker-0] INFO  o.e.m.c.i.embedder.EclipseLogger - Copying 0 resource
2014-09-04 18:57:54,092 [Worker-5] WARN  o.e.m.c.i.embedder.EclipseLogger - Using platform encoding (UTF-8 actually) to copy filtered resources, i.e. build is platform dependent!
2014-09-04 18:57:54,093 [Worker-5] INFO  o.e.m.c.i.embedder.EclipseLogger - Copying 0 resource
2014-09-04 18:57:54,094 [Worker-5] WARN  o.e.m.c.i.embedder.EclipseLogger - Using platform encoding (UTF-8 actually) to copy filtered resources, i.e. build is platform dependent!
2014-09-04 18:57:54,094 [Worker-5] INFO  o.e.m.c.i.embedder.EclipseLogger - Copying 0 resource
2014-09-04 18:58:00,788 [Worker-0] WARN  o.e.m.c.i.embedder.EclipseLogger - Using platform encoding (UTF-8 actually) to copy filtered resources, i.e. build is platform dependent!
2014-09-04 18:58:00,790 [Worker-0] INFO  o.e.m.c.i.embedder.EclipseLogger - Copying 2 resources
2014-09-04 18:58:00,792 [Worker-0] WARN  o.e.m.c.i.embedder.EclipseLogger - Using platform encoding (UTF-8 actually) to copy filtered resources, i.e. build is platform dependent!
2014-09-04 18:58:00,792 [Worker-0] INFO  o.e.m.c.i.embedder.EclipseLogger - Copying 0 resource
2014-09-04 18:58:24,934 [Worker-0] INFO  o.e.m.c.i.l.LifecycleMappingFactory - Using org.eclipse.m2e.jdt.JarLifecycleMapping lifecycle mapping for MavenProject: com.dcsquare.iotcloud:hivemq-plugin:1.0.0 @ /Users/cgoetz/Development/iotcloud_workspace/0.2-hivemqplugin/pom.xml.
2014-09-04 18:58:25,090 [Worker-0] WARN  o.e.m.c.i.embedder.EclipseLogger - Using platform encoding (UTF-8 actually) to copy filtered resources, i.e. build is platform dependent!
2014-09-04 18:58:25,091 [Worker-0] INFO  o.e.m.c.i.embedder.EclipseLogger - Copying 0 resource
2014-09-04 18:58:25,092 [Worker-0] WARN  o.e.m.c.i.embedder.EclipseLogger - Using platform encoding (UTF-8 actually) to copy filtered resources, i.e. build is platform dependent!
2014-09-04 18:58:25,092 [Worker-0] INFO  o.e.m.c.i.embedder.EclipseLogger - Copying 0 resource
2014-09-04 18:58:26,307 [Worker-0] WARN  o.e.m.c.i.embedder.EclipseLogger - Using platform encoding (UTF-8 actually) to copy filtered resources, i.e. build is platform dependent!
2014-09-04 18:58:26,308 [Worker-0] INFO  o.e.m.c.i.embedder.EclipseLogger - Copying 2 resources
2014-09-04 18:58:26,311 [Worker-0] WARN  o.e.m.c.i.embedder.EclipseLogger - Using platform encoding (UTF-8 actually) to copy filtered resources, i.e. build is platform dependent!
2014-09-04 18:58:26,311 [Worker-0] INFO  o.e.m.c.i.embedder.EclipseLogger - Copying 0 resource
2014-09-04 18:58:33,333 [Worker-5] WARN  o.e.m.c.i.embedder.EclipseLogger - Using platform encoding (UTF-8 actually) to copy filtered resources, i.e. build is platform dependent!
2014-09-04 18:58:33,333 [Worker-5] INFO  o.e.m.c.i.embedder.EclipseLogger - Copying 0 resource
2014-09-04 18:58:33,334 [Worker-5] WARN  o.e.m.c.i.embedder.EclipseLogger - Using platform encoding (UTF-8 actually) to copy filtered resources, i.e. build is platform dependent!
2014-09-04 18:58:33,334 [Worker-5] INFO  o.e.m.c.i.embedder.EclipseLogger - Copying 0 resource
2014-09-04 18:59:07,359 [Worker-6] INFO  o.e.m.c.i.e.AbstractTransferListenerAdapter - Downloading http://10.0.4.3:8081/nexus/content/groups/public/com/dcsquare/hivemq/hivemq-spi/2.0.0/hivemq-spi-2.0.0-sources.jar
2014-09-04 18:59:12,731 [Worker-6] INFO  o.e.m.c.i.e.AbstractTransferListenerAdapter - Downloaded http://10.0.4.3:8081/nexus/content/groups/public/com/dcsquare/hivemq/hivemq-spi/2.0.0/hivemq-spi-2.0.0-sources.jar
2014-09-04 18:59:12,755 [Worker-6] INFO  o.e.m.j.internal.DownloadSourcesJob - Downloaded sources for com.dcsquare.hivemq:hivemq-spi:2.0.0
2014-09-04 18:59:12,898 [Worker-5] WARN  o.e.m.c.i.embedder.EclipseLogger - Using platform encoding (UTF-8 actually) to copy filtered resources, i.e. build is platform dependent!
2014-09-04 18:59:12,899 [Worker-5] INFO  o.e.m.c.i.embedder.EclipseLogger - Copying 0 resource
2014-09-04 18:59:12,900 [Worker-5] WARN  o.e.m.c.i.embedder.EclipseLogger - Using platform encoding (UTF-8 actually) to copy filtered resources, i.e. build is platform dependent!
2014-09-04 18:59:12,900 [Worker-5] INFO  o.e.m.c.i.embedder.EclipseLogger - Copying 0 resource
2014-09-04 18:59:48,512 [Worker-4] WARN  o.e.m.c.i.embedder.EclipseLogger - Using platform encoding (UTF-8 actually) to copy filtered resources, i.e. build is platform dependent!
2014-09-04 18:59:48,513 [Worker-4] INFO  o.e.m.c.i.embedder.EclipseLogger - Copying 2 resources
2014-09-04 18:59:48,514 [Worker-4] WARN  o.e.m.c.i.embedder.EclipseLogger - Using platform encoding (UTF-8 actually) to copy filtered resources, i.e. build is platform dependent!
2014-09-04 18:59:48,514 [Worker-4] INFO  o.e.m.c.i.embedder.EclipseLogger - Copying 0 resource
2014-09-04 19:00:07,523 [Worker-5] INFO  o.e.m.c.i.p.ProjectConfigurationManager - Update started
2014-09-04 19:00:07,545 [Worker-5] INFO  o.e.m.c.i.l.LifecycleMappingFactory - Using org.eclipse.m2e.jdt.JarLifecycleMapping lifecycle mapping for MavenProject: com.dcsquare.iotcloud:hivemq-plugin:1.0.0 @ /Users/cgoetz/Development/iotcloud_workspace/0.2-hivemqplugin/pom.xml.
2014-09-04 19:00:07,638 [Worker-5] INFO  o.e.m.j.i.AbstractJavaProjectConfigurator - Adding source folder /0.2-hivemqplugin/src/main/java
2014-09-04 19:00:07,638 [Worker-5] INFO  o.e.m.j.i.AbstractJavaProjectConfigurator - Adding resource folder /0.2-hivemqplugin/src/main/resources
2014-09-04 19:00:07,639 [Worker-5] INFO  o.e.m.j.i.AbstractJavaProjectConfigurator - Adding source folder /0.2-hivemqplugin/src/test/java
2014-09-04 19:00:07,639 [Worker-5] INFO  o.e.m.j.i.AbstractJavaProjectConfigurator - Adding resource folder /0.2-hivemqplugin/src/test/resources
2014-09-04 19:00:07,843 [Worker-5] INFO  o.e.m.c.i.l.LifecycleMappingFactory - Using org.eclipse.m2e.jdt.JarLifecycleMapping lifecycle mapping for MavenProject: com.dcsquare.iotcloud:hivemq-plugin:1.0.0 @ /Users/cgoetz/Development/iotcloud_workspace/0.2-hivemqplugin/pom.xml.
2014-09-04 19:00:07,886 [Worker-5] INFO  o.e.m.c.i.p.ProjectConfigurationManager - Update completed: 0 sec
2014-09-04 19:00:08,090 [Worker-5] WARN  o.e.m.c.i.embedder.EclipseLogger - Using platform encoding (UTF-8 actually) to copy filtered resources, i.e. build is platform dependent!
2014-09-04 19:00:08,090 [Worker-5] INFO  o.e.m.c.i.embedder.EclipseLogger - Copying 2 resources
2014-09-04 19:00:08,092 [Worker-5] WARN  o.e.m.c.i.embedder.EclipseLogger - Using platform encoding (UTF-8 actually) to copy filtered resources, i.e. build is platform dependent!
2014-09-04 19:00:08,093 [Worker-5] INFO  o.e.m.c.i.embedder.EclipseLogger - Copying 0 resource
2014-09-04 19:01:36,076 [Worker-7] INFO  o.e.m.c.i.l.LifecycleMappingFactory - Using org.eclipse.m2e.jdt.JarLifecycleMapping lifecycle mapping for MavenProject: asdf:asdf:0.0.1-SNAPSHOT @ /Users/cgoetz/Development/iotcloud_workspace/asdf/pom.xml.
2014-09-04 19:01:36,105 [Worker-7] INFO  o.e.m.j.i.AbstractJavaProjectConfigurator - Adding source folder /asdf/src/main/java
2014-09-04 19:01:36,106 [Worker-7] INFO  o.e.m.j.i.AbstractJavaProjectConfigurator - Adding resource folder /asdf/src/main/resources
2014-09-04 19:01:36,106 [Worker-7] INFO  o.e.m.j.i.AbstractJavaProjectConfigurator - Adding source folder /asdf/src/test/java
2014-09-04 19:01:36,106 [Worker-7] INFO  o.e.m.j.i.AbstractJavaProjectConfigurator - Adding resource folder /asdf/src/test/resources
2014-09-04 19:01:36,346 [Worker-8] INFO  o.e.m.c.i.l.LifecycleMappingFactory - Using org.eclipse.m2e.jdt.JarLifecycleMapping lifecycle mapping for MavenProject: asdf:asdf:0.0.1-SNAPSHOT @ /Users/cgoetz/Development/iotcloud_workspace/asdf/pom.xml.
2014-09-04 19:01:36,370 [Worker-8] WARN  o.e.m.c.i.embedder.EclipseLogger - Using platform encoding (UTF-8 actually) to copy filtered resources, i.e. build is platform dependent!
2014-09-04 19:01:36,371 [Worker-8] INFO  o.e.m.c.i.embedder.EclipseLogger - Copying 0 resource
2014-09-04 19:01:36,372 [Worker-8] WARN  o.e.m.c.i.embedder.EclipseLogger - Using platform encoding (UTF-8 actually) to copy filtered resources, i.e. build is platform dependent!
2014-09-04 19:01:36,373 [Worker-8] INFO  o.e.m.c.i.embedder.EclipseLogger - Copying 0 resource
2014-09-04 19:01:37,173 [Worker-8] INFO  o.e.m.c.i.l.LifecycleMappingFactory - Using org.eclipse.m2e.jdt.JarLifecycleMapping lifecycle mapping for MavenProject: asdf:asdf:0.0.1-SNAPSHOT @ /Users/cgoetz/Development/iotcloud_workspace/asdf/pom.xml.
2014-09-04 19:01:37,386 [Worker-6] WARN  o.e.m.c.i.embedder.EclipseLogger - Using platform encoding (UTF-8 actually) to copy filtered resources, i.e. build is platform dependent!
2014-09-04 19:01:37,387 [Worker-6] INFO  o.e.m.c.i.embedder.EclipseLogger - Copying 0 resource
2014-09-04 19:01:37,388 [Worker-6] WARN  o.e.m.c.i.embedder.EclipseLogger - Using platform encoding (UTF-8 actually) to copy filtered resources, i.e. build is platform dependent!
2014-09-04 19:01:37,388 [Worker-6] INFO  o.e.m.c.i.embedder.EclipseLogger - Copying 0 resource
2014-09-04 19:01:50,558 [Worker-1] INFO  o.e.m.c.i.l.LifecycleMappingFactory - Using org.eclipse.m2e.jdt.JarLifecycleMapping lifecycle mapping for MavenProject: asdf:asdf:0.0.1-SNAPSHOT @ /Users/cgoetz/Development/iotcloud_workspace/0.3-hivemqplugin/pom.xml.
2014-09-04 19:01:50,573 [Worker-1] WARN  o.e.m.c.i.embedder.EclipseLogger - Using platform encoding (UTF-8 actually) to copy filtered resources, i.e. build is platform dependent!
2014-09-04 19:01:50,574 [Worker-1] INFO  o.e.m.c.i.embedder.EclipseLogger - Copying 0 resource
2014-09-04 19:01:50,574 [Worker-1] WARN  o.e.m.c.i.embedder.EclipseLogger - Using platform encoding (UTF-8 actually) to copy filtered resources, i.e. build is platform dependent!
2014-09-04 19:01:50,575 [Worker-1] INFO  o.e.m.c.i.embedder.EclipseLogger - Copying 0 resource
2014-09-04 19:01:51,089 [Worker-0] INFO  o.e.m.c.i.l.LifecycleMappingFactory - Using org.eclipse.m2e.jdt.JarLifecycleMapping lifecycle mapping for MavenProject: asdf:asdf:0.0.1-SNAPSHOT @ /Users/cgoetz/Development/iotcloud_workspace/0.3-hivemqplugin/pom.xml.
2014-09-04 19:01:51,685 [Worker-3] WARN  o.e.m.c.i.embedder.EclipseLogger - Using platform encoding (UTF-8 actually) to copy filtered resources, i.e. build is platform dependent!
2014-09-04 19:01:51,686 [Worker-3] INFO  o.e.m.c.i.embedder.EclipseLogger - Copying 0 resource
2014-09-04 19:01:51,688 [Worker-3] WARN  o.e.m.c.i.embedder.EclipseLogger - Using platform encoding (UTF-8 actually) to copy filtered resources, i.e. build is platform dependent!
2014-09-04 19:01:51,688 [Worker-3] INFO  o.e.m.c.i.embedder.EclipseLogger - Copying 0 resource
2014-09-04 19:02:14,723 [Worker-1] WARN  o.e.m.c.i.embedder.EclipseLogger - Using platform encoding (UTF-8 actually) to copy filtered resources, i.e. build is platform dependent!
2014-09-04 19:02:14,723 [Worker-1] INFO  o.e.m.c.i.embedder.EclipseLogger - Copying 0 resource
2014-09-04 19:02:14,725 [Worker-1] WARN  o.e.m.c.i.embedder.EclipseLogger - Using platform encoding (UTF-8 actually) to copy filtered resources, i.e. build is platform dependent!
2014-09-04 19:02:14,725 [Worker-1] INFO  o.e.m.c.i.embedder.EclipseLogger - Copying 0 resource
2014-09-04 19:02:21,659 [Worker-8] WARN  o.e.m.c.i.embedder.EclipseLogger - Using platform encoding (UTF-8 actually) to copy filtered resources, i.e. build is platform dependent!
2014-09-04 19:02:21,660 [Worker-8] INFO  o.e.m.c.i.embedder.EclipseLogger - Copying 0 resource
2014-09-04 19:02:21,661 [Worker-8] WARN  o.e.m.c.i.embedder.EclipseLogger - Using platform encoding (UTF-8 actually) to copy filtered resources, i.e. build is platform dependent!
2014-09-04 19:02:21,661 [Worker-8] INFO  o.e.m.c.i.embedder.EclipseLogger - Copying 0 resource
2014-09-04 19:02:27,295 [Worker-2] WARN  o.e.m.c.i.embedder.EclipseLogger - Using platform encoding (UTF-8 actually) to copy filtered resources, i.e. build is platform dependent!
2014-09-04 19:02:27,296 [Worker-2] INFO  o.e.m.c.i.embedder.EclipseLogger - Copying 2 resources
2014-09-04 19:02:27,298 [Worker-2] WARN  o.e.m.c.i.embedder.EclipseLogger - Using platform encoding (UTF-8 actually) to copy filtered resources, i.e. build is platform dependent!
2014-09-04 19:02:27,299 [Worker-2] INFO  o.e.m.c.i.embedder.EclipseLogger - Copying 0 resource
2014-09-04 19:02:40,171 [Worker-8] INFO  o.e.m.c.i.l.LifecycleMappingFactory - Using org.eclipse.m2e.jdt.JarLifecycleMapping lifecycle mapping for MavenProject: com.dcsquare.iotcloud:hivemq-plugin:1.0.0 @ /Users/cgoetz/Development/iotcloud_workspace/0.3-hivemqplugin/pom.xml.
2014-09-04 19:02:40,245 [Worker-8] WARN  o.e.m.c.i.embedder.EclipseLogger - Using platform encoding (UTF-8 actually) to copy filtered resources, i.e. build is platform dependent!
2014-09-04 19:02:40,246 [Worker-8] INFO  o.e.m.c.i.embedder.EclipseLogger - Copying 0 resource
2014-09-04 19:02:40,247 [Worker-8] WARN  o.e.m.c.i.embedder.EclipseLogger - Using platform encoding (UTF-8 actually) to copy filtered resources, i.e. build is platform dependent!
2014-09-04 19:02:40,247 [Worker-8] INFO  o.e.m.c.i.embedder.EclipseLogger - Copying 0 resource
2014-09-04 19:02:41,485 [Worker-9] WARN  o.e.m.c.i.embedder.EclipseLogger - Using platform encoding (UTF-8 actually) to copy filtered resources, i.e. build is platform dependent!
2014-09-04 19:02:41,485 [Worker-9] INFO  o.e.m.c.i.embedder.EclipseLogger - Copying 2 resources
2014-09-04 19:02:41,487 [Worker-9] WARN  o.e.m.c.i.embedder.EclipseLogger - Using platform encoding (UTF-8 actually) to copy filtered resources, i.e. build is platform dependent!
2014-09-04 19:02:41,487 [Worker-9] INFO  o.e.m.c.i.embedder.EclipseLogger - Copying 0 resource
2014-09-04 19:02:50,764 [Worker-9] WARN  o.e.m.c.i.embedder.EclipseLogger - Using platform encoding (UTF-8 actually) to copy filtered resources, i.e. build is platform dependent!
2014-09-04 19:02:50,765 [Worker-9] INFO  o.e.m.c.i.embedder.EclipseLogger - Copying 2 resources
2014-09-04 19:02:50,766 [Worker-9] WARN  o.e.m.c.i.embedder.EclipseLogger - Using platform encoding (UTF-8 actually) to copy filtered resources, i.e. build is platform dependent!
2014-09-04 19:02:50,766 [Worker-9] INFO  o.e.m.c.i.embedder.EclipseLogger - Copying 0 resource
2014-09-04 19:03:16,104 [Worker-7] INFO  o.e.m.c.i.l.LifecycleMappingFactory - Using org.eclipse.m2e.jdt.JarLifecycleMapping lifecycle mapping for MavenProject: asdf:asdf:0.0.1-SNAPSHOT @ /Users/cgoetz/Development/iotcloud_workspace/asdf/pom.xml.
2014-09-04 19:03:16,136 [Worker-7] INFO  o.e.m.j.i.AbstractJavaProjectConfigurator - Adding source folder /asdf/src/main/java
2014-09-04 19:03:16,136 [Worker-7] INFO  o.e.m.j.i.AbstractJavaProjectConfigurator - Adding resource folder /asdf/src/main/resources
2014-09-04 19:03:16,136 [Worker-7] INFO  o.e.m.j.i.AbstractJavaProjectConfigurator - Adding source folder /asdf/src/test/java
2014-09-04 19:03:16,136 [Worker-7] INFO  o.e.m.j.i.AbstractJavaProjectConfigurator - Adding resource folder /asdf/src/test/resources
2014-09-04 19:03:16,317 [Worker-9] INFO  o.e.m.c.i.l.LifecycleMappingFactory - Using org.eclipse.m2e.jdt.JarLifecycleMapping lifecycle mapping for MavenProject: asdf:asdf:0.0.1-SNAPSHOT @ /Users/cgoetz/Development/iotcloud_workspace/asdf/pom.xml.
2014-09-04 19:03:16,340 [Worker-9] WARN  o.e.m.c.i.embedder.EclipseLogger - Using platform encoding (UTF-8 actually) to copy filtered resources, i.e. build is platform dependent!
2014-09-04 19:03:16,341 [Worker-9] INFO  o.e.m.c.i.embedder.EclipseLogger - Copying 0 resource
2014-09-04 19:03:16,342 [Worker-9] WARN  o.e.m.c.i.embedder.EclipseLogger - Using platform encoding (UTF-8 actually) to copy filtered resources, i.e. build is platform dependent!
2014-09-04 19:03:16,342 [Worker-9] INFO  o.e.m.c.i.embedder.EclipseLogger - Copying 0 resource
2014-09-04 19:03:17,203 [Worker-6] INFO  o.e.m.c.i.l.LifecycleMappingFactory - Using org.eclipse.m2e.jdt.JarLifecycleMapping lifecycle mapping for MavenProject: asdf:asdf:0.0.1-SNAPSHOT @ /Users/cgoetz/Development/iotcloud_workspace/asdf/pom.xml.
2014-09-04 19:03:17,396 [Worker-9] WARN  o.e.m.c.i.embedder.EclipseLogger - Using platform encoding (UTF-8 actually) to copy filtered resources, i.e. build is platform dependent!
2014-09-04 19:03:17,396 [Worker-9] INFO  o.e.m.c.i.embedder.EclipseLogger - Copying 0 resource
2014-09-04 19:03:17,397 [Worker-9] WARN  o.e.m.c.i.embedder.EclipseLogger - Using platform encoding (UTF-8 actually) to copy filtered resources, i.e. build is platform dependent!
2014-09-04 19:03:17,397 [Worker-9] INFO  o.e.m.c.i.embedder.EclipseLogger - Copying 0 resource
2014-09-04 19:03:26,022 [Worker-1] INFO  o.e.m.c.i.l.LifecycleMappingFactory - Using org.eclipse.m2e.jdt.JarLifecycleMapping lifecycle mapping for MavenProject: asdf:asdf:0.0.1-SNAPSHOT @ /Users/cgoetz/Development/iotcloud_workspace/0.4-hivemqplugin/pom.xml.
2014-09-04 19:03:26,037 [Worker-1] WARN  o.e.m.c.i.embedder.EclipseLogger - Using platform encoding (UTF-8 actually) to copy filtered resources, i.e. build is platform dependent!
2014-09-04 19:03:26,037 [Worker-1] INFO  o.e.m.c.i.embedder.EclipseLogger - Copying 0 resource
2014-09-04 19:03:26,038 [Worker-1] WARN  o.e.m.c.i.embedder.EclipseLogger - Using platform encoding (UTF-8 actually) to copy filtered resources, i.e. build is platform dependent!
2014-09-04 19:03:26,039 [Worker-1] INFO  o.e.m.c.i.embedder.EclipseLogger - Copying 0 resource
2014-09-04 19:03:26,584 [Worker-7] INFO  o.e.m.c.i.l.LifecycleMappingFactory - Using org.eclipse.m2e.jdt.JarLifecycleMapping lifecycle mapping for MavenProject: asdf:asdf:0.0.1-SNAPSHOT @ /Users/cgoetz/Development/iotcloud_workspace/0.4-hivemqplugin/pom.xml.
2014-09-04 19:03:27,147 [Worker-10] WARN  o.e.m.c.i.embedder.EclipseLogger - Using platform encoding (UTF-8 actually) to copy filtered resources, i.e. build is platform dependent!
2014-09-04 19:03:27,148 [Worker-10] INFO  o.e.m.c.i.embedder.EclipseLogger - Copying 0 resource
2014-09-04 19:03:27,149 [Worker-10] WARN  o.e.m.c.i.embedder.EclipseLogger - Using platform encoding (UTF-8 actually) to copy filtered resources, i.e. build is platform dependent!
2014-09-04 19:03:27,149 [Worker-10] INFO  o.e.m.c.i.embedder.EclipseLogger - Copying 0 resource
2014-09-04 19:03:39,839 [Worker-1] INFO  o.e.m.c.i.l.LifecycleMappingFactory - Using org.eclipse.m2e.jdt.JarLifecycleMapping lifecycle mapping for MavenProject: com.dcsquare.iotcloud:hivemq-plugin:1.0.0 @ /Users/cgoetz/Development/iotcloud_workspace/0.4-hivemqplugin/pom.xml.
2014-09-04 19:03:39,911 [Worker-1] WARN  o.e.m.c.i.embedder.EclipseLogger - Using platform encoding (UTF-8 actually) to copy filtered resources, i.e. build is platform dependent!
2014-09-04 19:03:39,912 [Worker-1] INFO  o.e.m.c.i.embedder.EclipseLogger - Copying 0 resource
2014-09-04 19:03:39,913 [Worker-1] WARN  o.e.m.c.i.embedder.EclipseLogger - Using platform encoding (UTF-8 actually) to copy filtered resources, i.e. build is platform dependent!
2014-09-04 19:03:39,913 [Worker-1] INFO  o.e.m.c.i.embedder.EclipseLogger - Copying 0 resource
2014-09-04 19:03:43,866 [Worker-5] WARN  o.e.m.c.i.embedder.EclipseLogger - Using platform encoding (UTF-8 actually) to copy filtered resources, i.e. build is platform dependent!
2014-09-04 19:03:43,866 [Worker-5] INFO  o.e.m.c.i.embedder.EclipseLogger - Copying 0 resource
2014-09-04 19:03:43,867 [Worker-5] WARN  o.e.m.c.i.embedder.EclipseLogger - Using platform encoding (UTF-8 actually) to copy filtered resources, i.e. build is platform dependent!
2014-09-04 19:03:43,867 [Worker-5] INFO  o.e.m.c.i.embedder.EclipseLogger - Copying 0 resource
2014-09-04 19:03:47,608 [Worker-11] WARN  o.e.m.c.i.embedder.EclipseLogger - Using platform encoding (UTF-8 actually) to copy filtered resources, i.e. build is platform dependent!
2014-09-04 19:03:47,609 [Worker-11] INFO  o.e.m.c.i.embedder.EclipseLogger - Copying 0 resource
2014-09-04 19:03:47,610 [Worker-11] WARN  o.e.m.c.i.embedder.EclipseLogger - Using platform encoding (UTF-8 actually) to copy filtered resources, i.e. build is platform dependent!
2014-09-04 19:03:47,610 [Worker-11] INFO  o.e.m.c.i.embedder.EclipseLogger - Copying 0 resource
2014-09-04 19:03:54,448 [Worker-6] WARN  o.e.m.c.i.embedder.EclipseLogger - Using platform encoding (UTF-8 actually) to copy filtered resources, i.e. build is platform dependent!
2014-09-04 19:03:54,448 [Worker-6] INFO  o.e.m.c.i.embedder.EclipseLogger - Copying 0 resource
2014-09-04 19:03:54,449 [Worker-6] WARN  o.e.m.c.i.embedder.EclipseLogger - Using platform encoding (UTF-8 actually) to copy filtered resources, i.e. build is platform dependent!
2014-09-04 19:03:54,450 [Worker-6] INFO  o.e.m.c.i.embedder.EclipseLogger - Copying 0 resource
2014-09-04 19:03:59,950 [Worker-3] WARN  o.e.m.c.i.embedder.EclipseLogger - Using platform encoding (UTF-8 actually) to copy filtered resources, i.e. build is platform dependent!
2014-09-04 19:03:59,951 [Worker-3] INFO  o.e.m.c.i.embedder.EclipseLogger - Copying 2 resources
2014-09-04 19:03:59,953 [Worker-3] WARN  o.e.m.c.i.embedder.EclipseLogger - Using platform encoding (UTF-8 actually) to copy filtered resources, i.e. build is platform dependent!
2014-09-04 19:03:59,953 [Worker-3] INFO  o.e.m.c.i.embedder.EclipseLogger - Copying 0 resource
2014-09-04 19:04:17,357 [Worker-6] WARN  o.e.m.c.i.embedder.EclipseLogger - Using platform encoding (UTF-8 actually) to copy filtered resources, i.e. build is platform dependent!
2014-09-04 19:04:17,361 [Worker-6] INFO  o.e.m.c.i.embedder.EclipseLogger - Copying 2 resources
2014-09-04 19:04:17,362 [Worker-6] WARN  o.e.m.c.i.embedder.EclipseLogger - Using platform encoding (UTF-8 actually) to copy filtered resources, i.e. build is platform dependent!
2014-09-04 19:04:17,362 [Worker-6] INFO  o.e.m.c.i.embedder.EclipseLogger - Copying 0 resource
2014-09-04 19:04:52,389 [Worker-5] INFO  o.e.m.i.launch.MavenLaunchDelegate - /Users/cgoetz/Development/iotcloud_workspace/0.4-hivemqplugin
2014-09-04 19:04:52,390 [Worker-5] INFO  o.e.m.i.launch.MavenLaunchDelegate -  mvn -PRunWithHiveMQ  -B package
2014-09-04 19:09:58,349 [Worker-14] INFO  o.e.m.c.i.e.AbstractTransferListenerAdapter - Downloading http://10.0.4.3:8081/nexus/content/groups/public/org/apache/maven/plugins/maven-shade-plugin/2.1/maven-shade-plugin-2.1.jar
2014-09-04 19:09:59,310 [Worker-14] INFO  o.e.m.c.i.e.AbstractTransferListenerAdapter - Downloaded http://10.0.4.3:8081/nexus/content/groups/public/org/apache/maven/plugins/maven-shade-plugin/2.1/maven-shade-plugin-2.1.jar
2014-09-04 19:09:59,333 [Worker-14] INFO  o.e.m.c.i.l.LifecycleMappingFactory - Using org.eclipse.m2e.jdt.JarLifecycleMapping lifecycle mapping for MavenProject: com.dcsquare.iotcloud:hivemq-plugin:1.0.0 @ /Users/cgoetz/Development/iotcloud_workspace/0.4-hivemqplugin/pom.xml.
2014-09-04 19:09:59,416 [Worker-14] WARN  o.e.m.c.i.embedder.EclipseLogger - Using platform encoding (UTF-8 actually) to copy filtered resources, i.e. build is platform dependent!
2014-09-04 19:09:59,416 [Worker-14] INFO  o.e.m.c.i.embedder.EclipseLogger - Copying 0 resource
2014-09-04 19:09:59,417 [Worker-14] WARN  o.e.m.c.i.embedder.EclipseLogger - Using platform encoding (UTF-8 actually) to copy filtered resources, i.e. build is platform dependent!
2014-09-04 19:09:59,417 [Worker-14] INFO  o.e.m.c.i.embedder.EclipseLogger - Copying 0 resource
2014-09-04 19:10:04,195 [Worker-16] INFO  o.e.m.i.launch.MavenLaunchDelegate - /Users/cgoetz/Development/iotcloud_workspace/0.4-hivemqplugin
2014-09-04 19:10:04,196 [Worker-16] INFO  o.e.m.i.launch.MavenLaunchDelegate -  mvn -PRunWithHiveMQ  -B package
2014-09-04 19:10:30,690 [Worker-15] INFO  o.e.m.c.i.l.LifecycleMappingFactory - Using org.eclipse.m2e.jdt.JarLifecycleMapping lifecycle mapping for MavenProject: com.dcsquare.iotcloud:hivemq-plugin:1.0.0 @ /Users/cgoetz/Development/iotcloud_workspace/0.4-hivemqplugin/pom.xml.
2014-09-04 19:10:30,768 [Worker-15] WARN  o.e.m.c.i.embedder.EclipseLogger - Using platform encoding (UTF-8 actually) to copy filtered resources, i.e. build is platform dependent!
2014-09-04 19:10:30,769 [Worker-15] INFO  o.e.m.c.i.embedder.EclipseLogger - Copying 0 resource
2014-09-04 19:10:30,770 [Worker-15] WARN  o.e.m.c.i.embedder.EclipseLogger - Using platform encoding (UTF-8 actually) to copy filtered resources, i.e. build is platform dependent!
2014-09-04 19:10:30,770 [Worker-15] INFO  o.e.m.c.i.embedder.EclipseLogger - Copying 0 resource
2014-09-04 19:10:35,503 [Worker-15] INFO  o.e.m.i.launch.MavenLaunchDelegate - /Users/cgoetz/Development/iotcloud_workspace/0.4-hivemqplugin
2014-09-04 19:10:35,503 [Worker-15] INFO  o.e.m.i.launch.MavenLaunchDelegate -  mvn -PRunWithHiveMQ  -B package
2014-09-04 19:11:27,348 [Worker-17] INFO  o.e.m.i.launch.MavenLaunchDelegate - /Users/cgoetz/Development/iotcloud_workspace/0.4-hivemqplugin
2014-09-04 19:11:27,348 [Worker-17] INFO  o.e.m.i.launch.MavenLaunchDelegate -  mvn -PRunWithHiveMQ  -B package
2014-09-05 09:16:59,377 [Worker-35] INFO  o.e.m.i.launch.MavenLaunchDelegate - /Users/cgoetz/Development/iotcloud_workspace/0.4-hivemqplugin
2014-09-05 09:16:59,380 [Worker-35] INFO  o.e.m.i.launch.MavenLaunchDelegate -  mvn -PRunWithHiveMQ  -B package
2014-09-05 09:17:10,083 [Worker-35] INFO  o.e.m.i.launch.MavenLaunchDelegate - /Users/cgoetz/Development/iotcloud_workspace/0.4-hivemqplugin
2014-09-05 09:17:10,083 [Worker-35] INFO  o.e.m.i.launch.MavenLaunchDelegate -  mvn -PRunWithHiveMQ  -B package
2014-09-05 09:17:30,865 [Worker-40] INFO  o.e.m.i.launch.MavenLaunchDelegate - /Users/cgoetz/Development/iotcloud_workspace/0.4-hivemqplugin
2014-09-05 09:17:30,866 [Worker-40] INFO  o.e.m.i.launch.MavenLaunchDelegate -  mvn -PRunWithHiveMQ  -B package
2014-09-05 09:17:48,203 [Worker-2] WARN  o.e.m.c.i.embedder.EclipseLogger - Using platform encoding (UTF-8 actually) to copy filtered resources, i.e. build is platform dependent!
2014-09-05 09:17:48,209 [Worker-2] INFO  o.e.m.c.i.embedder.EclipseLogger - Copying 2 resources
2014-09-05 09:17:48,216 [Worker-2] WARN  o.e.m.c.i.embedder.EclipseLogger - Using platform encoding (UTF-8 actually) to copy filtered resources, i.e. build is platform dependent!
2014-09-05 09:17:48,217 [Worker-2] INFO  o.e.m.c.i.embedder.EclipseLogger - Copying 0 resource
2014-09-05 09:17:48,431 [Worker-2] WARN  o.e.m.c.i.embedder.EclipseLogger - Using platform encoding (UTF-8 actually) to copy filtered resources, i.e. build is platform dependent!
2014-09-05 09:17:48,432 [Worker-2] INFO  o.e.m.c.i.embedder.EclipseLogger - Copying 2 resources
2014-09-05 09:17:48,433 [Worker-2] WARN  o.e.m.c.i.embedder.EclipseLogger - Using platform encoding (UTF-8 actually) to copy filtered resources, i.e. build is platform dependent!
2014-09-05 09:17:48,434 [Worker-2] INFO  o.e.m.c.i.embedder.EclipseLogger - Copying 0 resource
2014-09-05 09:17:48,639 [Worker-2] WARN  o.e.m.c.i.embedder.EclipseLogger - Using platform encoding (UTF-8 actually) to copy filtered resources, i.e. build is platform dependent!
2014-09-05 09:17:48,640 [Worker-2] INFO  o.e.m.c.i.embedder.EclipseLogger - Copying 2 resources
2014-09-05 09:17:48,643 [Worker-2] WARN  o.e.m.c.i.embedder.EclipseLogger - Using platform encoding (UTF-8 actually) to copy filtered resources, i.e. build is platform dependent!
2014-09-05 09:17:48,643 [Worker-2] INFO  o.e.m.c.i.embedder.EclipseLogger - Copying 0 resource
2014-09-05 09:23:57,749 [main] INFO  o.e.m2e.actions.ExecutePomAction - Creating new launch configuration
2014-09-05 09:24:10,092 [Worker-9] INFO  o.e.m.i.launch.MavenLaunchDelegate - /Users/cgoetz/Development/iotcloud_workspace/0.4-hivemqplugin
2014-09-05 09:24:10,093 [Worker-9] INFO  o.e.m.i.launch.MavenLaunchDelegate -  mvn -PRunWithHiveMQ  -B package
2014-09-05 09:24:38,545 [Worker-7] INFO  o.e.m.i.launch.MavenLaunchDelegate - /Users/cgoetz/Development/iotcloud_workspace/0.4-hivemqplugin
2014-09-05 09:24:38,545 [Worker-7] INFO  o.e.m.i.launch.MavenLaunchDelegate -  mvn -PRunWithHiveMQ  -B package
2014-09-05 09:25:31,565 [Worker-10] INFO  o.e.m.c.i.l.LifecycleMappingFactory - Using org.eclipse.m2e.jdt.JarLifecycleMapping lifecycle mapping for MavenProject: asdf:adf:0.0.1-SNAPSHOT @ /Users/cgoetz/Development/iotcloud_workspace/adf/pom.xml.
2014-09-05 09:25:31,636 [Worker-10] INFO  o.e.m.j.i.AbstractJavaProjectConfigurator - Adding source folder /adf/src/main/java
2014-09-05 09:25:31,637 [Worker-10] INFO  o.e.m.j.i.AbstractJavaProjectConfigurator - Adding resource folder /adf/src/main/resources
2014-09-05 09:25:31,638 [Worker-10] INFO  o.e.m.j.i.AbstractJavaProjectConfigurator - Adding source folder /adf/src/test/java
2014-09-05 09:25:31,638 [Worker-10] INFO  o.e.m.j.i.AbstractJavaProjectConfigurator - Adding resource folder /adf/src/test/resources
2014-09-05 09:25:32,945 [Worker-7] INFO  o.e.m.c.i.l.LifecycleMappingFactory - Using org.eclipse.m2e.jdt.JarLifecycleMapping lifecycle mapping for MavenProject: asdf:adf:0.0.1-SNAPSHOT @ /Users/cgoetz/Development/iotcloud_workspace/adf/pom.xml.
2014-09-05 09:25:32,973 [Worker-7] WARN  o.e.m.c.i.embedder.EclipseLogger - Using platform encoding (UTF-8 actually) to copy filtered resources, i.e. build is platform dependent!
2014-09-05 09:25:32,974 [Worker-7] INFO  o.e.m.c.i.embedder.EclipseLogger - Copying 0 resource
2014-09-05 09:25:32,976 [Worker-7] WARN  o.e.m.c.i.embedder.EclipseLogger - Using platform encoding (UTF-8 actually) to copy filtered resources, i.e. build is platform dependent!
2014-09-05 09:25:32,976 [Worker-7] INFO  o.e.m.c.i.embedder.EclipseLogger - Copying 0 resource
2014-09-05 09:25:33,808 [Worker-8] INFO  o.e.m.c.i.l.LifecycleMappingFactory - Using org.eclipse.m2e.jdt.JarLifecycleMapping lifecycle mapping for MavenProject: asdf:adf:0.0.1-SNAPSHOT @ /Users/cgoetz/Development/iotcloud_workspace/adf/pom.xml.
2014-09-05 09:25:34,087 [Worker-0] WARN  o.e.m.c.i.embedder.EclipseLogger - Using platform encoding (UTF-8 actually) to copy filtered resources, i.e. build is platform dependent!
2014-09-05 09:25:34,089 [Worker-0] INFO  o.e.m.c.i.embedder.EclipseLogger - Copying 0 resource
2014-09-05 09:25:34,090 [Worker-0] WARN  o.e.m.c.i.embedder.EclipseLogger - Using platform encoding (UTF-8 actually) to copy filtered resources, i.e. build is platform dependent!
2014-09-05 09:25:34,090 [Worker-0] INFO  o.e.m.c.i.embedder.EclipseLogger - Copying 0 resource
2014-09-05 09:25:46,242 [Worker-10] INFO  o.e.m.c.i.l.LifecycleMappingFactory - Using org.eclipse.m2e.jdt.JarLifecycleMapping lifecycle mapping for MavenProject: asdf:adf:0.0.1-SNAPSHOT @ /Users/cgoetz/Development/iotcloud_workspace/0.5-restapi/pom.xml.
2014-09-05 09:25:46,257 [Worker-10] WARN  o.e.m.c.i.embedder.EclipseLogger - Using platform encoding (UTF-8 actually) to copy filtered resources, i.e. build is platform dependent!
2014-09-05 09:25:46,257 [Worker-10] INFO  o.e.m.c.i.embedder.EclipseLogger - Copying 0 resource
2014-09-05 09:25:46,258 [Worker-10] WARN  o.e.m.c.i.embedder.EclipseLogger - Using platform encoding (UTF-8 actually) to copy filtered resources, i.e. build is platform dependent!
2014-09-05 09:25:46,259 [Worker-10] INFO  o.e.m.c.i.embedder.EclipseLogger - Copying 0 resource
2014-09-05 09:25:46,862 [Worker-2] INFO  o.e.m.c.i.l.LifecycleMappingFactory - Using org.eclipse.m2e.jdt.JarLifecycleMapping lifecycle mapping for MavenProject: asdf:adf:0.0.1-SNAPSHOT @ /Users/cgoetz/Development/iotcloud_workspace/0.5-restapi/pom.xml.
2014-09-05 09:25:47,370 [Worker-9] WARN  o.e.m.c.i.embedder.EclipseLogger - Using platform encoding (UTF-8 actually) to copy filtered resources, i.e. build is platform dependent!
2014-09-05 09:25:47,370 [Worker-9] INFO  o.e.m.c.i.embedder.EclipseLogger - Copying 0 resource
2014-09-05 09:25:47,371 [Worker-9] WARN  o.e.m.c.i.embedder.EclipseLogger - Using platform encoding (UTF-8 actually) to copy filtered resources, i.e. build is platform dependent!
2014-09-05 09:25:47,372 [Worker-9] INFO  o.e.m.c.i.embedder.EclipseLogger - Copying 0 resource
2014-09-05 09:26:01,513 [Worker-9] INFO  o.e.m.c.i.l.LifecycleMappingFactory - Using org.eclipse.m2e.jdt.JarLifecycleMapping lifecycle mapping for MavenProject: com.dcsquare.iotcloud:dropwizard-rest-api:1.0.0 @ /Users/cgoetz/Development/iotcloud_workspace/0.5-restapi/pom.xml.
2014-09-05 09:26:02,060 [Worker-9] INFO  o.e.m.c.i.embedder.EclipseLogger - Using 'UTF-8' encoding to copy filtered resources.
2014-09-05 09:26:02,060 [Worker-9] INFO  o.e.m.c.i.embedder.EclipseLogger - Copying 0 resource
2014-09-05 09:26:02,062 [Worker-9] INFO  o.e.m.c.i.embedder.EclipseLogger - Using 'UTF-8' encoding to copy filtered resources.
2014-09-05 09:26:02,062 [Worker-9] INFO  o.e.m.c.i.embedder.EclipseLogger - Copying 0 resource
2014-09-05 09:26:05,738 [Worker-9] INFO  o.e.m.c.i.embedder.EclipseLogger - Using 'UTF-8' encoding to copy filtered resources.
2014-09-05 09:26:05,738 [Worker-9] INFO  o.e.m.c.i.embedder.EclipseLogger - Copying 0 resource
2014-09-05 09:26:05,739 [Worker-9] INFO  o.e.m.c.i.embedder.EclipseLogger - Using 'UTF-8' encoding to copy filtered resources.
2014-09-05 09:26:05,739 [Worker-9] INFO  o.e.m.c.i.embedder.EclipseLogger - Copying 0 resource
2014-09-05 09:26:13,326 [Worker-12] INFO  o.e.m.c.i.embedder.EclipseLogger - Using 'UTF-8' encoding to copy filtered resources.
2014-09-05 09:26:13,327 [Worker-12] INFO  o.e.m.c.i.embedder.EclipseLogger - Copying 1 resource
2014-09-05 09:26:13,329 [Worker-12] INFO  o.e.m.c.i.embedder.EclipseLogger - Using 'UTF-8' encoding to copy filtered resources.
2014-09-05 09:26:13,329 [Worker-12] INFO  o.e.m.c.i.embedder.EclipseLogger - Copying 0 resource
2014-09-05 09:26:17,266 [Worker-0] INFO  o.e.m.c.i.embedder.EclipseLogger - Using 'UTF-8' encoding to copy filtered resources.
2014-09-05 09:26:17,267 [Worker-0] INFO  o.e.m.c.i.embedder.EclipseLogger - Copying 1 resource
2014-09-05 09:26:17,269 [Worker-0] INFO  o.e.m.c.i.embedder.EclipseLogger - Using 'UTF-8' encoding to copy filtered resources.
2014-09-05 09:26:17,269 [Worker-0] INFO  o.e.m.c.i.embedder.EclipseLogger - Copying 0 resource
2014-09-05 09:27:18,314 [Worker-2] INFO  o.e.m.c.i.l.LifecycleMappingFactory - Using org.eclipse.m2e.jdt.JarLifecycleMapping lifecycle mapping for MavenProject: asdf:adsf:0.0.1-SNAPSHOT @ /Users/cgoetz/Development/iotcloud_workspace/adsf/pom.xml.
2014-09-05 09:27:18,334 [Worker-2] INFO  o.e.m.j.i.AbstractJavaProjectConfigurator - Adding source folder /adsf/src/main/java
2014-09-05 09:27:18,335 [Worker-2] INFO  o.e.m.j.i.AbstractJavaProjectConfigurator - Adding resource folder /adsf/src/main/resources
2014-09-05 09:27:18,335 [Worker-2] INFO  o.e.m.j.i.AbstractJavaProjectConfigurator - Adding source folder /adsf/src/test/java
2014-09-05 09:27:18,335 [Worker-2] INFO  o.e.m.j.i.AbstractJavaProjectConfigurator - Adding resource folder /adsf/src/test/resources
2014-09-05 09:27:18,542 [Worker-10] INFO  o.e.m.c.i.l.LifecycleMappingFactory - Using org.eclipse.m2e.jdt.JarLifecycleMapping lifecycle mapping for MavenProject: asdf:adsf:0.0.1-SNAPSHOT @ /Users/cgoetz/Development/iotcloud_workspace/adsf/pom.xml.
2014-09-05 09:27:18,571 [Worker-10] WARN  o.e.m.c.i.embedder.EclipseLogger - Using platform encoding (UTF-8 actually) to copy filtered resources, i.e. build is platform dependent!
2014-09-05 09:27:18,572 [Worker-10] INFO  o.e.m.c.i.embedder.EclipseLogger - Copying 0 resource
2014-09-05 09:27:18,573 [Worker-10] WARN  o.e.m.c.i.embedder.EclipseLogger - Using platform encoding (UTF-8 actually) to copy filtered resources, i.e. build is platform dependent!
2014-09-05 09:27:18,573 [Worker-10] INFO  o.e.m.c.i.embedder.EclipseLogger - Copying 0 resource
2014-09-05 09:27:19,468 [Worker-11] INFO  o.e.m.c.i.l.LifecycleMappingFactory - Using org.eclipse.m2e.jdt.JarLifecycleMapping lifecycle mapping for MavenProject: asdf:adsf:0.0.1-SNAPSHOT @ /Users/cgoetz/Development/iotcloud_workspace/adsf/pom.xml.
2014-09-05 09:27:19,602 [Worker-11] WARN  o.e.m.c.i.embedder.EclipseLogger - Using platform encoding (UTF-8 actually) to copy filtered resources, i.e. build is platform dependent!
2014-09-05 09:27:19,602 [Worker-11] INFO  o.e.m.c.i.embedder.EclipseLogger - Copying 0 resource
2014-09-05 09:27:19,603 [Worker-11] WARN  o.e.m.c.i.embedder.EclipseLogger - Using platform encoding (UTF-8 actually) to copy filtered resources, i.e. build is platform dependent!
2014-09-05 09:27:19,603 [Worker-11] INFO  o.e.m.c.i.embedder.EclipseLogger - Copying 0 resource
2014-09-05 09:27:31,532 [Worker-12] INFO  o.e.m.c.i.l.LifecycleMappingFactory - Using org.eclipse.m2e.jdt.JarLifecycleMapping lifecycle mapping for MavenProject: asdf:adsf:0.0.1-SNAPSHOT @ /Users/cgoetz/Development/iotcloud_workspace/0.6-restapi/pom.xml.
2014-09-05 09:27:31,548 [Worker-12] WARN  o.e.m.c.i.embedder.EclipseLogger - Using platform encoding (UTF-8 actually) to copy filtered resources, i.e. build is platform dependent!
2014-09-05 09:27:31,549 [Worker-12] INFO  o.e.m.c.i.embedder.EclipseLogger - Copying 0 resource
2014-09-05 09:27:31,550 [Worker-12] WARN  o.e.m.c.i.embedder.EclipseLogger - Using platform encoding (UTF-8 actually) to copy filtered resources, i.e. build is platform dependent!
2014-09-05 09:27:31,551 [Worker-12] INFO  o.e.m.c.i.embedder.EclipseLogger - Copying 0 resource
2014-09-05 09:27:32,127 [Worker-0] INFO  o.e.m.c.i.l.LifecycleMappingFactory - Using org.eclipse.m2e.jdt.JarLifecycleMapping lifecycle mapping for MavenProject: asdf:adsf:0.0.1-SNAPSHOT @ /Users/cgoetz/Development/iotcloud_workspace/0.6-restapi/pom.xml.
2014-09-05 09:27:32,658 [Worker-9] WARN  o.e.m.c.i.embedder.EclipseLogger - Using platform encoding (UTF-8 actually) to copy filtered resources, i.e. build is platform dependent!
2014-09-05 09:27:32,659 [Worker-9] INFO  o.e.m.c.i.embedder.EclipseLogger - Copying 0 resource
2014-09-05 09:27:32,659 [Worker-9] WARN  o.e.m.c.i.embedder.EclipseLogger - Using platform encoding (UTF-8 actually) to copy filtered resources, i.e. build is platform dependent!
2014-09-05 09:27:32,660 [Worker-9] INFO  o.e.m.c.i.embedder.EclipseLogger - Copying 0 resource
2014-09-05 09:27:47,014 [Worker-8] INFO  o.e.m.c.i.l.LifecycleMappingFactory - Using org.eclipse.m2e.jdt.JarLifecycleMapping lifecycle mapping for MavenProject: com.dcsquare.iotcloud:dropwizard-rest-api:1.0.0 @ /Users/cgoetz/Development/iotcloud_workspace/0.6-restapi/pom.xml.
2014-09-05 09:27:47,249 [Worker-8] INFO  o.e.m.c.i.embedder.EclipseLogger - Using 'UTF-8' encoding to copy filtered resources.
2014-09-05 09:27:47,249 [Worker-8] INFO  o.e.m.c.i.embedder.EclipseLogger - Copying 0 resource
2014-09-05 09:27:47,251 [Worker-8] INFO  o.e.m.c.i.embedder.EclipseLogger - Using 'UTF-8' encoding to copy filtered resources.
2014-09-05 09:27:47,251 [Worker-8] INFO  o.e.m.c.i.embedder.EclipseLogger - Copying 0 resource
2014-09-05 09:27:59,570 [Worker-8] INFO  o.e.m.c.i.embedder.EclipseLogger - Using 'UTF-8' encoding to copy filtered resources.
2014-09-05 09:27:59,570 [Worker-8] INFO  o.e.m.c.i.embedder.EclipseLogger - Copying 1 resource
2014-09-05 09:27:59,571 [Worker-8] INFO  o.e.m.c.i.embedder.EclipseLogger - Using 'UTF-8' encoding to copy filtered resources.
2014-09-05 09:27:59,572 [Worker-8] INFO  o.e.m.c.i.embedder.EclipseLogger - Copying 0 resource
2014-09-05 09:28:06,090 [Worker-11] INFO  o.e.m.c.i.embedder.EclipseLogger - Using 'UTF-8' encoding to copy filtered resources.
2014-09-05 09:28:06,091 [Worker-11] INFO  o.e.m.c.i.embedder.EclipseLogger - Copying 1 resource
2014-09-05 09:28:06,092 [Worker-11] INFO  o.e.m.c.i.embedder.EclipseLogger - Using 'UTF-8' encoding to copy filtered resources.
2014-09-05 09:28:06,092 [Worker-11] INFO  o.e.m.c.i.embedder.EclipseLogger - Copying 0 resource
2014-09-05 09:28:28,589 [Worker-7] INFO  o.e.m.c.i.l.LifecycleMappingFactory - Using org.eclipse.m2e.jdt.JarLifecycleMapping lifecycle mapping for MavenProject: 0.7-restapi:asdf:0.0.1-SNAPSHOT @ /Users/cgoetz/Development/iotcloud_workspace/asdf/pom.xml.
2014-09-05 09:28:28,623 [Worker-7] INFO  o.e.m.j.i.AbstractJavaProjectConfigurator - Adding source folder /asdf/src/main/java
2014-09-05 09:28:28,624 [Worker-7] INFO  o.e.m.j.i.AbstractJavaProjectConfigurator - Adding resource folder /asdf/src/main/resources
2014-09-05 09:28:28,624 [Worker-7] INFO  o.e.m.j.i.AbstractJavaProjectConfigurator - Adding source folder /asdf/src/test/java
2014-09-05 09:28:28,624 [Worker-7] INFO  o.e.m.j.i.AbstractJavaProjectConfigurator - Adding resource folder /asdf/src/test/resources
2014-09-05 09:28:28,869 [Worker-14] INFO  o.e.m.c.i.l.LifecycleMappingFactory - Using org.eclipse.m2e.jdt.JarLifecycleMapping lifecycle mapping for MavenProject: 0.7-restapi:asdf:0.0.1-SNAPSHOT @ /Users/cgoetz/Development/iotcloud_workspace/asdf/pom.xml.
2014-09-05 09:28:28,894 [Worker-14] WARN  o.e.m.c.i.embedder.EclipseLogger - Using platform encoding (UTF-8 actually) to copy filtered resources, i.e. build is platform dependent!
2014-09-05 09:28:28,896 [Worker-14] INFO  o.e.m.c.i.embedder.EclipseLogger - Copying 0 resource
2014-09-05 09:28:28,898 [Worker-14] WARN  o.e.m.c.i.embedder.EclipseLogger - Using platform encoding (UTF-8 actually) to copy filtered resources, i.e. build is platform dependent!
2014-09-05 09:28:28,899 [Worker-14] INFO  o.e.m.c.i.embedder.EclipseLogger - Copying 0 resource
2014-09-05 09:28:29,714 [Worker-13] INFO  o.e.m.c.i.l.LifecycleMappingFactory - Using org.eclipse.m2e.jdt.JarLifecycleMapping lifecycle mapping for MavenProject: 0.7-restapi:asdf:0.0.1-SNAPSHOT @ /Users/cgoetz/Development/iotcloud_workspace/asdf/pom.xml.
2014-09-05 09:28:29,966 [Worker-7] WARN  o.e.m.c.i.embedder.EclipseLogger - Using platform encoding (UTF-8 actually) to copy filtered resources, i.e. build is platform dependent!
2014-09-05 09:28:29,967 [Worker-7] INFO  o.e.m.c.i.embedder.EclipseLogger - Copying 0 resource
2014-09-05 09:28:29,968 [Worker-7] WARN  o.e.m.c.i.embedder.EclipseLogger - Using platform encoding (UTF-8 actually) to copy filtered resources, i.e. build is platform dependent!
2014-09-05 09:28:29,968 [Worker-7] INFO  o.e.m.c.i.embedder.EclipseLogger - Copying 0 resource
2014-09-05 09:28:40,930 [Worker-2] INFO  o.e.m.c.i.l.LifecycleMappingFactory - Using org.eclipse.m2e.jdt.JarLifecycleMapping lifecycle mapping for MavenProject: 0.7-restapi:asdf:0.0.1-SNAPSHOT @ /Users/cgoetz/Development/iotcloud_workspace/0.7-restapi/pom.xml.
2014-09-05 09:28:40,944 [Worker-2] WARN  o.e.m.c.i.embedder.EclipseLogger - Using platform encoding (UTF-8 actually) to copy filtered resources, i.e. build is platform dependent!
2014-09-05 09:28:40,945 [Worker-2] INFO  o.e.m.c.i.embedder.EclipseLogger - Copying 0 resource
2014-09-05 09:28:40,945 [Worker-2] WARN  o.e.m.c.i.embedder.EclipseLogger - Using platform encoding (UTF-8 actually) to copy filtered resources, i.e. build is platform dependent!
2014-09-05 09:28:40,946 [Worker-2] INFO  o.e.m.c.i.embedder.EclipseLogger - Copying 0 resource
2014-09-05 09:28:41,534 [Worker-7] INFO  o.e.m.c.i.l.LifecycleMappingFactory - Using org.eclipse.m2e.jdt.JarLifecycleMapping lifecycle mapping for MavenProject: 0.7-restapi:asdf:0.0.1-SNAPSHOT @ /Users/cgoetz/Development/iotcloud_workspace/0.7-restapi/pom.xml.
2014-09-05 09:28:42,055 [Worker-11] WARN  o.e.m.c.i.embedder.EclipseLogger - Using platform encoding (UTF-8 actually) to copy filtered resources, i.e. build is platform dependent!
2014-09-05 09:28:42,056 [Worker-11] INFO  o.e.m.c.i.embedder.EclipseLogger - Copying 0 resource
2014-09-05 09:28:42,057 [Worker-11] WARN  o.e.m.c.i.embedder.EclipseLogger - Using platform encoding (UTF-8 actually) to copy filtered resources, i.e. build is platform dependent!
2014-09-05 09:28:42,057 [Worker-11] INFO  o.e.m.c.i.embedder.EclipseLogger - Copying 0 resource
2014-09-05 09:28:55,045 [Worker-7] INFO  o.e.m.c.i.l.LifecycleMappingFactory - Using org.eclipse.m2e.jdt.JarLifecycleMapping lifecycle mapping for MavenProject: com.dcsquare.iotcloud:dropwizard-rest-api:1.0.0 @ /Users/cgoetz/Development/iotcloud_workspace/0.7-restapi/pom.xml.
2014-09-05 09:28:55,260 [Worker-7] INFO  o.e.m.c.i.embedder.EclipseLogger - Using 'UTF-8' encoding to copy filtered resources.
2014-09-05 09:28:55,260 [Worker-7] INFO  o.e.m.c.i.embedder.EclipseLogger - Copying 0 resource
2014-09-05 09:28:55,261 [Worker-7] INFO  o.e.m.c.i.embedder.EclipseLogger - Using 'UTF-8' encoding to copy filtered resources.
2014-09-05 09:28:55,261 [Worker-7] INFO  o.e.m.c.i.embedder.EclipseLogger - Copying 0 resource
2014-09-05 09:29:00,195 [Worker-2] INFO  o.e.m.c.i.embedder.EclipseLogger - Using 'UTF-8' encoding to copy filtered resources.
2014-09-05 09:29:00,195 [Worker-2] INFO  o.e.m.c.i.embedder.EclipseLogger - Copying 0 resource
2014-09-05 09:29:00,196 [Worker-2] INFO  o.e.m.c.i.embedder.EclipseLogger - Using 'UTF-8' encoding to copy filtered resources.
2014-09-05 09:29:00,196 [Worker-2] INFO  o.e.m.c.i.embedder.EclipseLogger - Copying 0 resource
2014-09-05 09:29:08,710 [Worker-10] INFO  o.e.m.c.i.embedder.EclipseLogger - Using 'UTF-8' encoding to copy filtered resources.
2014-09-05 09:29:08,711 [Worker-10] INFO  o.e.m.c.i.embedder.EclipseLogger - Copying 0 resource
2014-09-05 09:29:08,712 [Worker-10] INFO  o.e.m.c.i.embedder.EclipseLogger - Using 'UTF-8' encoding to copy filtered resources.
2014-09-05 09:29:08,712 [Worker-10] INFO  o.e.m.c.i.embedder.EclipseLogger - Copying 0 resource
2014-09-05 09:29:12,746 [Worker-7] INFO  o.e.m.c.i.embedder.EclipseLogger - Using 'UTF-8' encoding to copy filtered resources.
2014-09-05 09:29:12,746 [Worker-7] INFO  o.e.m.c.i.embedder.EclipseLogger - Copying 0 resource
2014-09-05 09:29:12,747 [Worker-7] INFO  o.e.m.c.i.embedder.EclipseLogger - Using 'UTF-8' encoding to copy filtered resources.
2014-09-05 09:29:12,748 [Worker-7] INFO  o.e.m.c.i.embedder.EclipseLogger - Copying 1 resource
2014-09-05 09:29:28,678 [Worker-11] INFO  o.e.m.c.i.embedder.EclipseLogger - Using 'UTF-8' encoding to copy filtered resources.
2014-09-05 09:29:28,678 [Worker-11] INFO  o.e.m.c.i.embedder.EclipseLogger - Copying 0 resource
2014-09-05 09:29:28,679 [Worker-11] INFO  o.e.m.c.i.embedder.EclipseLogger - Using 'UTF-8' encoding to copy filtered resources.
2014-09-05 09:29:28,679 [Worker-11] INFO  o.e.m.c.i.embedder.EclipseLogger - Copying 0 resource
2014-09-05 09:29:46,582 [Worker-9] INFO  o.e.m.c.i.l.LifecycleMappingFactory - Using org.eclipse.m2e.jdt.JarLifecycleMapping lifecycle mapping for MavenProject: asdf:0.8-restapi:0.0.1-SNAPSHOT @ /Users/cgoetz/Development/iotcloud_workspace/0.8-restapi/pom.xml.
2014-09-05 09:29:46,601 [Worker-9] INFO  o.e.m.j.i.AbstractJavaProjectConfigurator - Adding source folder /0.8-restapi/src/main/java
2014-09-05 09:29:46,601 [Worker-9] INFO  o.e.m.j.i.AbstractJavaProjectConfigurator - Adding resource folder /0.8-restapi/src/main/resources
2014-09-05 09:29:46,601 [Worker-9] INFO  o.e.m.j.i.AbstractJavaProjectConfigurator - Adding source folder /0.8-restapi/src/test/java
2014-09-05 09:29:46,601 [Worker-9] INFO  o.e.m.j.i.AbstractJavaProjectConfigurator - Adding resource folder /0.8-restapi/src/test/resources
2014-09-05 09:29:46,829 [Worker-12] INFO  o.e.m.c.i.l.LifecycleMappingFactory - Using org.eclipse.m2e.jdt.JarLifecycleMapping lifecycle mapping for MavenProject: asdf:0.8-restapi:0.0.1-SNAPSHOT @ /Users/cgoetz/Development/iotcloud_workspace/0.8-restapi/pom.xml.
2014-09-05 09:29:46,867 [Worker-12] WARN  o.e.m.c.i.embedder.EclipseLogger - Using platform encoding (UTF-8 actually) to copy filtered resources, i.e. build is platform dependent!
2014-09-05 09:29:46,868 [Worker-12] INFO  o.e.m.c.i.embedder.EclipseLogger - Copying 0 resource
2014-09-05 09:29:46,869 [Worker-12] WARN  o.e.m.c.i.embedder.EclipseLogger - Using platform encoding (UTF-8 actually) to copy filtered resources, i.e. build is platform dependent!
2014-09-05 09:29:46,869 [Worker-12] INFO  o.e.m.c.i.embedder.EclipseLogger - Copying 0 resource
2014-09-05 09:29:47,705 [Worker-11] INFO  o.e.m.c.i.l.LifecycleMappingFactory - Using org.eclipse.m2e.jdt.JarLifecycleMapping lifecycle mapping for MavenProject: asdf:0.8-restapi:0.0.1-SNAPSHOT @ /Users/cgoetz/Development/iotcloud_workspace/0.8-restapi/pom.xml.
2014-09-05 09:29:47,883 [Worker-8] WARN  o.e.m.c.i.embedder.EclipseLogger - Using platform encoding (UTF-8 actually) to copy filtered resources, i.e. build is platform dependent!
2014-09-05 09:29:47,883 [Worker-8] INFO  o.e.m.c.i.embedder.EclipseLogger - Copying 0 resource
2014-09-05 09:29:47,884 [Worker-8] WARN  o.e.m.c.i.embedder.EclipseLogger - Using platform encoding (UTF-8 actually) to copy filtered resources, i.e. build is platform dependent!
2014-09-05 09:29:47,884 [Worker-8] INFO  o.e.m.c.i.embedder.EclipseLogger - Copying 0 resource
2014-09-05 09:30:01,065 [Worker-11] INFO  o.e.m.c.i.l.LifecycleMappingFactory - Using org.eclipse.m2e.jdt.JarLifecycleMapping lifecycle mapping for MavenProject: com.dcsquare.iotcloud:dropwizard-rest-api:1.0.0 @ /Users/cgoetz/Development/iotcloud_workspace/0.8-restapi/pom.xml.
2014-09-05 09:30:01,300 [Worker-11] INFO  o.e.m.c.i.embedder.EclipseLogger - Using 'UTF-8' encoding to copy filtered resources.
2014-09-05 09:30:01,300 [Worker-11] INFO  o.e.m.c.i.embedder.EclipseLogger - Copying 0 resource
2014-09-05 09:30:01,301 [Worker-11] INFO  o.e.m.c.i.embedder.EclipseLogger - Using 'UTF-8' encoding to copy filtered resources.
2014-09-05 09:30:01,301 [Worker-11] INFO  o.e.m.c.i.embedder.EclipseLogger - Copying 0 resource
2014-09-05 09:30:04,921 [Worker-14] INFO  o.e.m.c.i.embedder.EclipseLogger - Using 'UTF-8' encoding to copy filtered resources.
2014-09-05 09:30:04,921 [Worker-14] INFO  o.e.m.c.i.embedder.EclipseLogger - Copying 0 resource
2014-09-05 09:30:04,922 [Worker-14] INFO  o.e.m.c.i.embedder.EclipseLogger - Using 'UTF-8' encoding to copy filtered resources.
2014-09-05 09:30:04,922 [Worker-14] INFO  o.e.m.c.i.embedder.EclipseLogger - Copying 0 resource
2014-09-05 09:30:11,428 [Worker-14] INFO  o.e.m.c.i.embedder.EclipseLogger - Using 'UTF-8' encoding to copy filtered resources.
2014-09-05 09:30:11,428 [Worker-14] INFO  o.e.m.c.i.embedder.EclipseLogger - Copying 1 resource
2014-09-05 09:30:11,430 [Worker-14] INFO  o.e.m.c.i.embedder.EclipseLogger - Using 'UTF-8' encoding to copy filtered resources.
2014-09-05 09:30:11,430 [Worker-14] INFO  o.e.m.c.i.embedder.EclipseLogger - Copying 0 resource
2014-09-05 09:30:14,586 [Worker-2] INFO  o.e.m.c.i.embedder.EclipseLogger - Using 'UTF-8' encoding to copy filtered resources.
2014-09-05 09:30:14,587 [Worker-2] INFO  o.e.m.c.i.embedder.EclipseLogger - Copying 1 resource
2014-09-05 09:30:14,588 [Worker-2] INFO  o.e.m.c.i.embedder.EclipseLogger - Using 'UTF-8' encoding to copy filtered resources.
2014-09-05 09:30:14,588 [Worker-2] INFO  o.e.m.c.i.embedder.EclipseLogger - Copying 0 resource
2014-09-05 09:30:22,949 [Worker-13] INFO  o.e.m.c.i.embedder.EclipseLogger - Using 'UTF-8' encoding to copy filtered resources.
2014-09-05 09:30:22,949 [Worker-13] INFO  o.e.m.c.i.embedder.EclipseLogger - Copying 1 resource
2014-09-05 09:30:22,950 [Worker-13] INFO  o.e.m.c.i.embedder.EclipseLogger - Using 'UTF-8' encoding to copy filtered resources.
2014-09-05 09:30:22,950 [Worker-13] INFO  o.e.m.c.i.embedder.EclipseLogger - Copying 0 resource
2014-09-05 09:30:36,554 [Worker-0] INFO  o.e.m.c.i.p.ProjectConfigurationManager - Update started
2014-09-05 09:30:36,577 [Worker-0] INFO  o.e.m.c.i.l.LifecycleMappingFactory - Using org.eclipse.m2e.jdt.JarLifecycleMapping lifecycle mapping for MavenProject: com.dcsquare.iotcloud:dropwizard-rest-api:1.0.0 @ /Users/cgoetz/Development/iotcloud_workspace/0.8-restapi/pom.xml.
2014-09-05 09:30:36,809 [Worker-0] INFO  o.e.m.j.i.AbstractJavaProjectConfigurator - Adding source folder /0.8-restapi/src/main/java
2014-09-05 09:30:36,810 [Worker-0] INFO  o.e.m.j.i.AbstractJavaProjectConfigurator - Adding resource folder /0.8-restapi/src/main/resources
2014-09-05 09:30:36,812 [Worker-0] INFO  o.e.m.j.i.AbstractJavaProjectConfigurator - Adding source folder /0.8-restapi/src/test/java
2014-09-05 09:30:36,812 [Worker-0] INFO  o.e.m.j.i.AbstractJavaProjectConfigurator - Adding resource folder /0.8-restapi/src/test/resources
2014-09-05 09:30:37,053 [Worker-0] INFO  o.e.m.c.i.l.LifecycleMappingFactory - Using org.eclipse.m2e.jdt.JarLifecycleMapping lifecycle mapping for MavenProject: com.dcsquare.iotcloud:dropwizard-rest-api:1.0.0 @ /Users/cgoetz/Development/iotcloud_workspace/0.8-restapi/pom.xml.
2014-09-05 09:30:37,156 [Worker-0] INFO  o.e.m.c.i.p.ProjectConfigurationManager - Update completed: 0 sec
2014-09-05 09:30:37,454 [Worker-14] INFO  o.e.m.c.i.embedder.EclipseLogger - Using 'UTF-8' encoding to copy filtered resources.
2014-09-05 09:30:37,455 [Worker-14] INFO  o.e.m.c.i.embedder.EclipseLogger - Copying 1 resource
2014-09-05 09:30:37,456 [Worker-14] INFO  o.e.m.c.i.embedder.EclipseLogger - Using 'UTF-8' encoding to copy filtered resources.
2014-09-05 09:30:37,456 [Worker-14] INFO  o.e.m.c.i.embedder.EclipseLogger - Copying 0 resource
2014-09-05 09:31:12,531 [Worker-17] INFO  o.e.m.c.i.l.LifecycleMappingFactory - Using org.eclipse.m2e.jdt.JarLifecycleMapping lifecycle mapping for MavenProject: asdf:1.0-simulator:0.0.1-SNAPSHOT @ /Users/cgoetz/Development/iotcloud_workspace/1.0-simulator/pom.xml.
2014-09-05 09:31:12,550 [Worker-17] INFO  o.e.m.j.i.AbstractJavaProjectConfigurator - Adding source folder /1.0-simulator/src/main/java
2014-09-05 09:31:12,550 [Worker-17] INFO  o.e.m.j.i.AbstractJavaProjectConfigurator - Adding resource folder /1.0-simulator/src/main/resources
2014-09-05 09:31:12,550 [Worker-17] INFO  o.e.m.j.i.AbstractJavaProjectConfigurator - Adding source folder /1.0-simulator/src/test/java
2014-09-05 09:31:12,550 [Worker-17] INFO  o.e.m.j.i.AbstractJavaProjectConfigurator - Adding resource folder /1.0-simulator/src/test/resources
2014-09-05 09:31:12,770 [Worker-17] INFO  o.e.m.c.i.l.LifecycleMappingFactory - Using org.eclipse.m2e.jdt.JarLifecycleMapping lifecycle mapping for MavenProject: asdf:1.0-simulator:0.0.1-SNAPSHOT @ /Users/cgoetz/Development/iotcloud_workspace/1.0-simulator/pom.xml.
2014-09-05 09:31:12,791 [Worker-17] WARN  o.e.m.c.i.embedder.EclipseLogger - Using platform encoding (UTF-8 actually) to copy filtered resources, i.e. build is platform dependent!
2014-09-05 09:31:12,791 [Worker-17] INFO  o.e.m.c.i.embedder.EclipseLogger - Copying 0 resource
2014-09-05 09:31:12,792 [Worker-17] WARN  o.e.m.c.i.embedder.EclipseLogger - Using platform encoding (UTF-8 actually) to copy filtered resources, i.e. build is platform dependent!
2014-09-05 09:31:12,792 [Worker-17] INFO  o.e.m.c.i.embedder.EclipseLogger - Copying 0 resource
2014-09-05 09:31:13,653 [Worker-14] INFO  o.e.m.c.i.l.LifecycleMappingFactory - Using org.eclipse.m2e.jdt.JarLifecycleMapping lifecycle mapping for MavenProject: asdf:1.0-simulator:0.0.1-SNAPSHOT @ /Users/cgoetz/Development/iotcloud_workspace/1.0-simulator/pom.xml.
2014-09-05 09:31:13,806 [Worker-7] WARN  o.e.m.c.i.embedder.EclipseLogger - Using platform encoding (UTF-8 actually) to copy filtered resources, i.e. build is platform dependent!
2014-09-05 09:31:13,807 [Worker-7] INFO  o.e.m.c.i.embedder.EclipseLogger - Copying 0 resource
2014-09-05 09:31:13,807 [Worker-7] WARN  o.e.m.c.i.embedder.EclipseLogger - Using platform encoding (UTF-8 actually) to copy filtered resources, i.e. build is platform dependent!
2014-09-05 09:31:13,808 [Worker-7] INFO  o.e.m.c.i.embedder.EclipseLogger - Copying 0 resource
2014-09-05 09:31:27,814 [Worker-12] INFO  o.e.m.c.i.l.LifecycleMappingFactory - Using org.eclipse.m2e.jdt.JarLifecycleMapping lifecycle mapping for MavenProject: asdf:1.0-hivemqplugin:0.0.1-SNAPSHOT @ /Users/cgoetz/Development/iotcloud_workspace/1.0-hivemqplugin/pom.xml.
2014-09-05 09:31:27,831 [Worker-12] INFO  o.e.m.j.i.AbstractJavaProjectConfigurator - Adding source folder /1.0-hivemqplugin/src/main/java
2014-09-05 09:31:27,831 [Worker-12] INFO  o.e.m.j.i.AbstractJavaProjectConfigurator - Adding resource folder /1.0-hivemqplugin/src/main/resources
2014-09-05 09:31:27,831 [Worker-12] INFO  o.e.m.j.i.AbstractJavaProjectConfigurator - Adding source folder /1.0-hivemqplugin/src/test/java
2014-09-05 09:31:27,832 [Worker-12] INFO  o.e.m.j.i.AbstractJavaProjectConfigurator - Adding resource folder /1.0-hivemqplugin/src/test/resources
2014-09-05 09:31:28,102 [Worker-2] INFO  o.e.m.c.i.l.LifecycleMappingFactory - Using org.eclipse.m2e.jdt.JarLifecycleMapping lifecycle mapping for MavenProject: asdf:1.0-hivemqplugin:0.0.1-SNAPSHOT @ /Users/cgoetz/Development/iotcloud_workspace/1.0-hivemqplugin/pom.xml.
2014-09-05 09:31:28,124 [Worker-2] WARN  o.e.m.c.i.embedder.EclipseLogger - Using platform encoding (UTF-8 actually) to copy filtered resources, i.e. build is platform dependent!
2014-09-05 09:31:28,124 [Worker-2] INFO  o.e.m.c.i.embedder.EclipseLogger - Copying 0 resource
2014-09-05 09:31:28,125 [Worker-2] WARN  o.e.m.c.i.embedder.EclipseLogger - Using platform encoding (UTF-8 actually) to copy filtered resources, i.e. build is platform dependent!
2014-09-05 09:31:28,125 [Worker-2] INFO  o.e.m.c.i.embedder.EclipseLogger - Copying 0 resource
2014-09-05 09:31:28,946 [Worker-15] INFO  o.e.m.c.i.l.LifecycleMappingFactory - Using org.eclipse.m2e.jdt.JarLifecycleMapping lifecycle mapping for MavenProject: asdf:1.0-hivemqplugin:0.0.1-SNAPSHOT @ /Users/cgoetz/Development/iotcloud_workspace/1.0-hivemqplugin/pom.xml.
2014-09-05 09:31:29,139 [Worker-9] WARN  o.e.m.c.i.embedder.EclipseLogger - Using platform encoding (UTF-8 actually) to copy filtered resources, i.e. build is platform dependent!
2014-09-05 09:31:29,140 [Worker-9] INFO  o.e.m.c.i.embedder.EclipseLogger - Copying 0 resource
2014-09-05 09:31:29,141 [Worker-9] WARN  o.e.m.c.i.embedder.EclipseLogger - Using platform encoding (UTF-8 actually) to copy filtered resources, i.e. build is platform dependent!
2014-09-05 09:31:29,141 [Worker-9] INFO  o.e.m.c.i.embedder.EclipseLogger - Copying 0 resource
2014-09-05 09:31:42,236 [Worker-17] INFO  o.e.m.c.i.l.LifecycleMappingFactory - Using org.eclipse.m2e.jdt.JarLifecycleMapping lifecycle mapping for MavenProject: asdf:1.0-restapi:0.0.1-SNAPSHOT @ /Users/cgoetz/Development/iotcloud_workspace/1.0-restapi/pom.xml.
2014-09-05 09:31:42,253 [Worker-17] INFO  o.e.m.j.i.AbstractJavaProjectConfigurator - Adding source folder /1.0-restapi/src/main/java
2014-09-05 09:31:42,253 [Worker-17] INFO  o.e.m.j.i.AbstractJavaProjectConfigurator - Adding resource folder /1.0-restapi/src/main/resources
2014-09-05 09:31:42,254 [Worker-17] INFO  o.e.m.j.i.AbstractJavaProjectConfigurator - Adding source folder /1.0-restapi/src/test/java
2014-09-05 09:31:42,254 [Worker-17] INFO  o.e.m.j.i.AbstractJavaProjectConfigurator - Adding resource folder /1.0-restapi/src/test/resources
2014-09-05 09:31:42,514 [Worker-17] INFO  o.e.m.c.i.l.LifecycleMappingFactory - Using org.eclipse.m2e.jdt.JarLifecycleMapping lifecycle mapping for MavenProject: asdf:1.0-restapi:0.0.1-SNAPSHOT @ /Users/cgoetz/Development/iotcloud_workspace/1.0-restapi/pom.xml.
2014-09-05 09:31:42,536 [Worker-17] WARN  o.e.m.c.i.embedder.EclipseLogger - Using platform encoding (UTF-8 actually) to copy filtered resources, i.e. build is platform dependent!
2014-09-05 09:31:42,537 [Worker-17] INFO  o.e.m.c.i.embedder.EclipseLogger - Copying 0 resource
2014-09-05 09:31:42,538 [Worker-17] WARN  o.e.m.c.i.embedder.EclipseLogger - Using platform encoding (UTF-8 actually) to copy filtered resources, i.e. build is platform dependent!
2014-09-05 09:31:42,538 [Worker-17] INFO  o.e.m.c.i.embedder.EclipseLogger - Copying 0 resource
2014-09-05 09:31:43,359 [Worker-11] INFO  o.e.m.c.i.l.LifecycleMappingFactory - Using org.eclipse.m2e.jdt.JarLifecycleMapping lifecycle mapping for MavenProject: asdf:1.0-restapi:0.0.1-SNAPSHOT @ /Users/cgoetz/Development/iotcloud_workspace/1.0-restapi/pom.xml.
2014-09-05 09:31:43,551 [Worker-14] WARN  o.e.m.c.i.embedder.EclipseLogger - Using platform encoding (UTF-8 actually) to copy filtered resources, i.e. build is platform dependent!
2014-09-05 09:31:43,552 [Worker-14] INFO  o.e.m.c.i.embedder.EclipseLogger - Copying 0 resource
2014-09-05 09:31:43,553 [Worker-14] WARN  o.e.m.c.i.embedder.EclipseLogger - Using platform encoding (UTF-8 actually) to copy filtered resources, i.e. build is platform dependent!
2014-09-05 09:31:43,554 [Worker-14] INFO  o.e.m.c.i.embedder.EclipseLogger - Copying 0 resource
2014-09-05 09:35:10,130 [Worker-9] INFO  o.e.m.c.i.l.LifecycleMappingFactory - Using org.eclipse.m2e.jdt.JarLifecycleMapping lifecycle mapping for MavenProject: com.dcsquare.iotcloud:dropwizard-rest-api:1.0.0 @ /Users/cgoetz/Development/iotcloud_workspace/1.0-restapi/pom.xml.
2014-09-05 09:35:10,345 [Worker-9] INFO  o.e.m.c.i.embedder.EclipseLogger - Using 'UTF-8' encoding to copy filtered resources.
2014-09-05 09:35:10,345 [Worker-9] INFO  o.e.m.c.i.embedder.EclipseLogger - Copying 0 resource
2014-09-05 09:35:10,346 [Worker-9] INFO  o.e.m.c.i.embedder.EclipseLogger - Using 'UTF-8' encoding to copy filtered resources.
2014-09-05 09:35:10,346 [Worker-9] INFO  o.e.m.c.i.embedder.EclipseLogger - Copying 0 resource
2014-09-05 09:35:22,414 [Worker-16] INFO  o.e.m.c.i.embedder.EclipseLogger - Using 'UTF-8' encoding to copy filtered resources.
2014-09-05 09:35:22,414 [Worker-16] INFO  o.e.m.c.i.embedder.EclipseLogger - Copying 0 resource
2014-09-05 09:35:22,415 [Worker-16] INFO  o.e.m.c.i.embedder.EclipseLogger - Using 'UTF-8' encoding to copy filtered resources.
2014-09-05 09:35:22,415 [Worker-16] INFO  o.e.m.c.i.embedder.EclipseLogger - Copying 0 resource
2014-09-05 09:35:27,869 [Worker-10] INFO  o.e.m.c.i.embedder.EclipseLogger - Using 'UTF-8' encoding to copy filtered resources.
2014-09-05 09:35:27,869 [Worker-10] INFO  o.e.m.c.i.embedder.EclipseLogger - Copying 1 resource
2014-09-05 09:35:27,871 [Worker-10] INFO  o.e.m.c.i.embedder.EclipseLogger - Using 'UTF-8' encoding to copy filtered resources.
2014-09-05 09:35:27,871 [Worker-10] INFO  o.e.m.c.i.embedder.EclipseLogger - Copying 0 resource
2014-09-05 09:35:30,968 [Worker-15] INFO  o.e.m.c.i.embedder.EclipseLogger - Using 'UTF-8' encoding to copy filtered resources.
2014-09-05 09:35:30,969 [Worker-15] INFO  o.e.m.c.i.embedder.EclipseLogger - Copying 1 resource
2014-09-05 09:35:30,970 [Worker-15] INFO  o.e.m.c.i.embedder.EclipseLogger - Using 'UTF-8' encoding to copy filtered resources.
2014-09-05 09:35:30,970 [Worker-15] INFO  o.e.m.c.i.embedder.EclipseLogger - Copying 0 resource
2014-09-05 09:35:38,864 [Worker-14] INFO  o.e.m.c.i.embedder.EclipseLogger - Using 'UTF-8' encoding to copy filtered resources.
2014-09-05 09:35:38,864 [Worker-14] INFO  o.e.m.c.i.embedder.EclipseLogger - Copying 1 resource
2014-09-05 09:35:38,865 [Worker-14] INFO  o.e.m.c.i.embedder.EclipseLogger - Using 'UTF-8' encoding to copy filtered resources.
2014-09-05 09:35:38,865 [Worker-14] INFO  o.e.m.c.i.embedder.EclipseLogger - Copying 0 resource
2014-09-05 09:35:47,447 [Worker-9] INFO  o.e.m.c.i.p.ProjectConfigurationManager - Update started
2014-09-05 09:35:47,493 [Worker-9] INFO  o.e.m.c.i.l.LifecycleMappingFactory - Using org.eclipse.m2e.jdt.JarLifecycleMapping lifecycle mapping for MavenProject: com.dcsquare.iotcloud:dropwizard-rest-api:1.0.0 @ /Users/cgoetz/Development/iotcloud_workspace/1.0-restapi/pom.xml.
2014-09-05 09:35:47,708 [Worker-9] INFO  o.e.m.j.i.AbstractJavaProjectConfigurator - Adding source folder /1.0-restapi/src/main/java
2014-09-05 09:35:47,708 [Worker-9] INFO  o.e.m.j.i.AbstractJavaProjectConfigurator - Adding resource folder /1.0-restapi/src/main/resources
2014-09-05 09:35:47,710 [Worker-9] INFO  o.e.m.j.i.AbstractJavaProjectConfigurator - Adding source folder /1.0-restapi/src/test/java
2014-09-05 09:35:47,710 [Worker-9] INFO  o.e.m.j.i.AbstractJavaProjectConfigurator - Adding resource folder /1.0-restapi/src/test/resources
2014-09-05 09:35:47,941 [Worker-9] INFO  o.e.m.c.i.l.LifecycleMappingFactory - Using org.eclipse.m2e.jdt.JarLifecycleMapping lifecycle mapping for MavenProject: com.dcsquare.iotcloud:dropwizard-rest-api:1.0.0 @ /Users/cgoetz/Development/iotcloud_workspace/1.0-restapi/pom.xml.
2014-09-05 09:35:48,046 [Worker-9] INFO  o.e.m.c.i.p.ProjectConfigurationManager - Update completed: 0 sec
2014-09-05 09:35:48,346 [Worker-15] INFO  o.e.m.c.i.embedder.EclipseLogger - Using 'UTF-8' encoding to copy filtered resources.
2014-09-05 09:35:48,346 [Worker-15] INFO  o.e.m.c.i.embedder.EclipseLogger - Copying 1 resource
2014-09-05 09:35:48,348 [Worker-15] INFO  o.e.m.c.i.embedder.EclipseLogger - Using 'UTF-8' encoding to copy filtered resources.
2014-09-05 09:35:48,348 [Worker-15] INFO  o.e.m.c.i.embedder.EclipseLogger - Copying 0 resource
2014-09-05 09:36:07,870 [Worker-9] INFO  o.e.m.c.i.l.LifecycleMappingFactory - Using org.eclipse.m2e.jdt.JarLifecycleMapping lifecycle mapping for MavenProject: com.dcsquare.iotcloud:hivemq-plugin:1.0.0 @ /Users/cgoetz/Development/iotcloud_workspace/1.0-hivemqplugin/pom.xml.
2014-09-05 09:36:07,935 [Worker-9] WARN  o.e.m.c.i.embedder.EclipseLogger - Using platform encoding (UTF-8 actually) to copy filtered resources, i.e. build is platform dependent!
2014-09-05 09:36:07,935 [Worker-9] INFO  o.e.m.c.i.embedder.EclipseLogger - Copying 0 resource
2014-09-05 09:36:07,936 [Worker-9] WARN  o.e.m.c.i.embedder.EclipseLogger - Using platform encoding (UTF-8 actually) to copy filtered resources, i.e. build is platform dependent!
2014-09-05 09:36:07,936 [Worker-9] INFO  o.e.m.c.i.embedder.EclipseLogger - Copying 0 resource
2014-09-05 09:36:14,301 [Worker-11] WARN  o.e.m.c.i.embedder.EclipseLogger - Using platform encoding (UTF-8 actually) to copy filtered resources, i.e. build is platform dependent!
2014-09-05 09:36:14,302 [Worker-11] INFO  o.e.m.c.i.embedder.EclipseLogger - Copying 0 resource
2014-09-05 09:36:14,303 [Worker-11] WARN  o.e.m.c.i.embedder.EclipseLogger - Using platform encoding (UTF-8 actually) to copy filtered resources, i.e. build is platform dependent!
2014-09-05 09:36:14,303 [Worker-11] INFO  o.e.m.c.i.embedder.EclipseLogger - Copying 0 resource
2014-09-05 09:36:19,771 [Worker-16] WARN  o.e.m.c.i.embedder.EclipseLogger - Using platform encoding (UTF-8 actually) to copy filtered resources, i.e. build is platform dependent!
2014-09-05 09:36:19,771 [Worker-16] INFO  o.e.m.c.i.embedder.EclipseLogger - Copying 0 resource
2014-09-05 09:36:19,772 [Worker-16] WARN  o.e.m.c.i.embedder.EclipseLogger - Using platform encoding (UTF-8 actually) to copy filtered resources, i.e. build is platform dependent!
2014-09-05 09:36:19,773 [Worker-16] INFO  o.e.m.c.i.embedder.EclipseLogger - Copying 0 resource
2014-09-05 09:36:27,897 [Worker-12] WARN  o.e.m.c.i.embedder.EclipseLogger - Using platform encoding (UTF-8 actually) to copy filtered resources, i.e. build is platform dependent!
2014-09-05 09:36:27,898 [Worker-12] INFO  o.e.m.c.i.embedder.EclipseLogger - Copying 2 resources
2014-09-05 09:36:27,900 [Worker-12] WARN  o.e.m.c.i.embedder.EclipseLogger - Using platform encoding (UTF-8 actually) to copy filtered resources, i.e. build is platform dependent!
2014-09-05 09:36:27,900 [Worker-12] INFO  o.e.m.c.i.embedder.EclipseLogger - Copying 0 resource
2014-09-05 09:36:40,413 [Worker-11] WARN  o.e.m.c.i.embedder.EclipseLogger - Using platform encoding (UTF-8 actually) to copy filtered resources, i.e. build is platform dependent!
2014-09-05 09:36:40,414 [Worker-11] INFO  o.e.m.c.i.embedder.EclipseLogger - Copying 2 resources
2014-09-05 09:36:40,415 [Worker-11] WARN  o.e.m.c.i.embedder.EclipseLogger - Using platform encoding (UTF-8 actually) to copy filtered resources, i.e. build is platform dependent!
2014-09-05 09:36:40,415 [Worker-11] INFO  o.e.m.c.i.embedder.EclipseLogger - Copying 0 resource
2014-09-05 09:36:52,956 [Worker-12] INFO  o.e.m.c.i.p.ProjectConfigurationManager - Update started
2014-09-05 09:36:52,973 [Worker-12] INFO  o.e.m.c.i.l.LifecycleMappingFactory - Using org.eclipse.m2e.jdt.JarLifecycleMapping lifecycle mapping for MavenProject: com.dcsquare.iotcloud:hivemq-plugin:1.0.0 @ /Users/cgoetz/Development/iotcloud_workspace/1.0-hivemqplugin/pom.xml.
2014-09-05 09:36:53,044 [Worker-12] INFO  o.e.m.j.i.AbstractJavaProjectConfigurator - Adding source folder /1.0-hivemqplugin/src/main/java
2014-09-05 09:36:53,044 [Worker-12] INFO  o.e.m.j.i.AbstractJavaProjectConfigurator - Adding resource folder /1.0-hivemqplugin/src/main/resources
2014-09-05 09:36:53,044 [Worker-12] INFO  o.e.m.j.i.AbstractJavaProjectConfigurator - Adding source folder /1.0-hivemqplugin/src/test/java
2014-09-05 09:36:53,044 [Worker-12] INFO  o.e.m.j.i.AbstractJavaProjectConfigurator - Adding resource folder /1.0-hivemqplugin/src/test/resources
2014-09-05 09:36:53,196 [Worker-12] INFO  o.e.m.c.i.l.LifecycleMappingFactory - Using org.eclipse.m2e.jdt.JarLifecycleMapping lifecycle mapping for MavenProject: com.dcsquare.iotcloud:hivemq-plugin:1.0.0 @ /Users/cgoetz/Development/iotcloud_workspace/1.0-hivemqplugin/pom.xml.
2014-09-05 09:36:53,231 [Worker-12] INFO  o.e.m.c.i.p.ProjectConfigurationManager - Update completed: 0 sec
2014-09-05 09:36:53,401 [Worker-12] WARN  o.e.m.c.i.embedder.EclipseLogger - Using platform encoding (UTF-8 actually) to copy filtered resources, i.e. build is platform dependent!
2014-09-05 09:36:53,402 [Worker-12] INFO  o.e.m.c.i.embedder.EclipseLogger - Copying 2 resources
2014-09-05 09:36:53,403 [Worker-12] WARN  o.e.m.c.i.embedder.EclipseLogger - Using platform encoding (UTF-8 actually) to copy filtered resources, i.e. build is platform dependent!
2014-09-05 09:36:53,404 [Worker-12] INFO  o.e.m.c.i.embedder.EclipseLogger - Copying 0 resource
2014-09-05 09:42:11,211 [Worker-3] WARN  o.e.m.c.i.embedder.EclipseLogger - Using platform encoding (UTF-8 actually) to copy filtered resources, i.e. build is platform dependent!
2014-09-05 09:42:11,218 [Worker-3] INFO  o.e.m.c.i.embedder.EclipseLogger - Copying 2 resources
2014-09-05 09:42:11,226 [Worker-3] WARN  o.e.m.c.i.embedder.EclipseLogger - Using platform encoding (UTF-8 actually) to copy filtered resources, i.e. build is platform dependent!
2014-09-05 09:42:11,227 [Worker-3] INFO  o.e.m.c.i.embedder.EclipseLogger - Copying 0 resource
2014-09-05 09:42:11,427 [Worker-3] WARN  o.e.m.c.i.embedder.EclipseLogger - Using platform encoding (UTF-8 actually) to copy filtered resources, i.e. build is platform dependent!
2014-09-05 09:42:11,428 [Worker-3] INFO  o.e.m.c.i.embedder.EclipseLogger - Copying 2 resources
2014-09-05 09:42:11,430 [Worker-3] WARN  o.e.m.c.i.embedder.EclipseLogger - Using platform encoding (UTF-8 actually) to copy filtered resources, i.e. build is platform dependent!
2014-09-05 09:42:11,431 [Worker-3] INFO  o.e.m.c.i.embedder.EclipseLogger - Copying 0 resource
2014-09-05 09:42:11,672 [Worker-2] WARN  o.e.m.c.i.embedder.EclipseLogger - Using platform encoding (UTF-8 actually) to copy filtered resources, i.e. build is platform dependent!
2014-09-05 09:42:11,673 [Worker-2] INFO  o.e.m.c.i.embedder.EclipseLogger - Copying 2 resources
2014-09-05 09:42:11,675 [Worker-2] WARN  o.e.m.c.i.embedder.EclipseLogger - Using platform encoding (UTF-8 actually) to copy filtered resources, i.e. build is platform dependent!
2014-09-05 09:42:11,675 [Worker-2] INFO  o.e.m.c.i.embedder.EclipseLogger - Copying 0 resource
2014-09-05 09:42:12,232 [Worker-2] INFO  o.e.m.c.i.l.LifecycleMappingFactory - Using org.eclipse.m2e.jdt.JarLifecycleMapping lifecycle mapping for MavenProject: com.dcsquare.iotcloud:dropwizard-rest-api:1.0.0 @ /Users/cgoetz/Development/iotcloud/code/0.5-restapi/pom.xml.
2014-09-05 09:42:12,683 [Worker-2] INFO  o.e.m.c.i.embedder.EclipseLogger - Using 'UTF-8' encoding to copy filtered resources.
2014-09-05 09:42:12,683 [Worker-2] INFO  o.e.m.c.i.embedder.EclipseLogger - Copying 1 resource
2014-09-05 09:42:12,685 [Worker-2] INFO  o.e.m.c.i.embedder.EclipseLogger - Using 'UTF-8' encoding to copy filtered resources.
2014-09-05 09:42:12,685 [Worker-2] INFO  o.e.m.c.i.embedder.EclipseLogger - Copying 0 resource
2014-09-05 09:42:12,996 [Worker-5] INFO  o.e.m.c.i.l.LifecycleMappingFactory - Using org.eclipse.m2e.jdt.JarLifecycleMapping lifecycle mapping for MavenProject: com.dcsquare.iotcloud:dropwizard-rest-api:1.0.0 @ /Users/cgoetz/Development/iotcloud/code/0.6-restapi/pom.xml.
2014-09-05 09:42:13,382 [Worker-5] INFO  o.e.m.c.i.embedder.EclipseLogger - Using 'UTF-8' encoding to copy filtered resources.
2014-09-05 09:42:13,383 [Worker-5] INFO  o.e.m.c.i.embedder.EclipseLogger - Copying 1 resource
2014-09-05 09:42:13,384 [Worker-5] INFO  o.e.m.c.i.embedder.EclipseLogger - Using 'UTF-8' encoding to copy filtered resources.
2014-09-05 09:42:13,384 [Worker-5] INFO  o.e.m.c.i.embedder.EclipseLogger - Copying 0 resource
2014-09-05 09:42:13,489 [Worker-5] INFO  o.e.m.c.i.l.LifecycleMappingFactory - Using org.eclipse.m2e.jdt.JarLifecycleMapping lifecycle mapping for MavenProject: com.dcsquare.iotcloud:dropwizard-rest-api:1.0.0 @ /Users/cgoetz/Development/iotcloud/code/0.7-restapi/pom.xml.
2014-09-05 09:42:14,427 [Worker-5] INFO  o.e.m.c.i.embedder.EclipseLogger - Using 'UTF-8' encoding to copy filtered resources.
2014-09-05 09:42:14,428 [Worker-5] INFO  o.e.m.c.i.embedder.EclipseLogger - Copying 0 resource
2014-09-05 09:42:14,429 [Worker-5] INFO  o.e.m.c.i.embedder.EclipseLogger - Using 'UTF-8' encoding to copy filtered resources.
2014-09-05 09:42:14,430 [Worker-5] INFO  o.e.m.c.i.embedder.EclipseLogger - Copying 1 resource
2014-09-05 09:42:14,556 [Worker-5] INFO  o.e.m.c.i.l.LifecycleMappingFactory - Using org.eclipse.m2e.jdt.JarLifecycleMapping lifecycle mapping for MavenProject: com.dcsquare.iotcloud:dropwizard-rest-api:1.0.0 @ /Users/cgoetz/Development/iotcloud/code/0.8-restapi/pom.xml.
2014-09-05 09:42:14,987 [Worker-5] INFO  o.e.m.c.i.embedder.EclipseLogger - Using 'UTF-8' encoding to copy filtered resources.
2014-09-05 09:42:14,987 [Worker-5] INFO  o.e.m.c.i.embedder.EclipseLogger - Copying 1 resource
2014-09-05 09:42:14,989 [Worker-5] INFO  o.e.m.c.i.embedder.EclipseLogger - Using 'UTF-8' encoding to copy filtered resources.
2014-09-05 09:42:14,990 [Worker-5] INFO  o.e.m.c.i.embedder.EclipseLogger - Copying 0 resource
2014-09-05 09:42:15,107 [Worker-5] INFO  o.e.m.c.i.l.LifecycleMappingFactory - Using org.eclipse.m2e.jdt.JarLifecycleMapping lifecycle mapping for MavenProject: com.dcsquare.iotcloud:hivemq-plugin:1.0.0 @ /Users/cgoetz/Development/iotcloud/code/1.0-hivemqplugin/pom.xml.
2014-09-05 09:42:15,207 [Worker-5] WARN  o.e.m.c.i.embedder.EclipseLogger - Using platform encoding (UTF-8 actually) to copy filtered resources, i.e. build is platform dependent!
2014-09-05 09:42:15,208 [Worker-5] INFO  o.e.m.c.i.embedder.EclipseLogger - Copying 2 resources
2014-09-05 09:42:15,212 [Worker-5] WARN  o.e.m.c.i.embedder.EclipseLogger - Using platform encoding (UTF-8 actually) to copy filtered resources, i.e. build is platform dependent!
2014-09-05 09:42:15,213 [Worker-5] INFO  o.e.m.c.i.embedder.EclipseLogger - Copying 0 resource
2014-09-05 09:42:15,336 [Worker-5] INFO  o.e.m.c.i.l.LifecycleMappingFactory - Using org.eclipse.m2e.jdt.JarLifecycleMapping lifecycle mapping for MavenProject: com.dcsquare.iotcloud:dropwizard-rest-api:1.0.0 @ /Users/cgoetz/Development/iotcloud/code/1.0-restapi/pom.xml.
2014-09-05 09:42:15,713 [Worker-5] INFO  o.e.m.c.i.embedder.EclipseLogger - Using 'UTF-8' encoding to copy filtered resources.
2014-09-05 09:42:15,714 [Worker-5] INFO  o.e.m.c.i.embedder.EclipseLogger - Copying 1 resource
2014-09-05 09:42:15,716 [Worker-5] INFO  o.e.m.c.i.embedder.EclipseLogger - Using 'UTF-8' encoding to copy filtered resources.
2014-09-05 09:42:15,716 [Worker-5] INFO  o.e.m.c.i.embedder.EclipseLogger - Copying 0 resource
